{"log":"[2023-08-21T11:03:24,371][INFO ][o.e.n.Node               ] [tpotcluster-node-01] version[8.6.2], pid[67], build[deb/2d58d0f136141f03239816a4e360a8d17b6d8f29/2023-02-13T09:35:20.314882762Z], OS[Linux/5.10.0-25-amd64/amd64], JVM[Oracle Corporation/OpenJDK 64-Bit Server VM/19.0.2/19.0.2+7-44]\n","stream":"stdout","time":"2023-08-21T11:03:24.3758232Z"}
{"log":"[2023-08-21T11:03:24,387][INFO ][o.e.n.Node               ] [tpotcluster-node-01] JVM home [/usr/share/elasticsearch/jdk], using bundled JDK [true]\n","stream":"stdout","time":"2023-08-21T11:03:24.388974464Z"}
{"log":"[2023-08-21T11:03:24,389][INFO ][o.e.n.Node               ] [tpotcluster-node-01] JVM arguments [-Des.networkaddress.cache.ttl=60, -Des.networkaddress.cache.negative.ttl=10, -Djava.security.manager=allow, -XX:+AlwaysPreTouch, -Xss1m, -Djava.awt.headless=true, -Dfile.encoding=UTF-8, -Djna.nosys=true, -XX:-OmitStackTraceInFastThrow, -Dio.netty.noUnsafe=true, -Dio.netty.noKeySetOptimization=true, -Dio.netty.recycler.maxCapacityPerThread=0, -Dlog4j.shutdownHookEnabled=false, -Dlog4j2.disable.jmx=true, -Dlog4j2.formatMsgNoLookups=true, -Djava.locale.providers=SPI,COMPAT, --add-opens=java.base/java.io=ALL-UNNAMED, -XX:+UseG1GC, -Djava.io.tmpdir=/tmp, -XX:+HeapDumpOnOutOfMemoryError, -XX:+ExitOnOutOfMemoryError, -XX:HeapDumpPath=/var/lib/elasticsearch, -XX:ErrorFile=/var/log/elasticsearch/hs_err_pid%p.log, -Xlog:gc*,gc+age=trace,safepoint:file=/var/log/elasticsearch/gc.log:utctime,pid,tags:filecount=32,filesize=64m, -Xmx2g, -Xms2g, -XX:MaxDirectMemorySize=1073741824, -XX:G1HeapRegionSize=4m, -XX:InitiatingHeapOccupancyPercent=30, -XX:G1ReservePercent=15, -Des.distribution.type=deb, --module-path=/usr/share/elasticsearch/lib, --add-modules=jdk.net, -Djdk.module.main=org.elasticsearch.server]\n","stream":"stdout","time":"2023-08-21T11:03:24.390270295Z"}
{"log":"[2023-08-21T11:03:28,135][INFO ][c.a.c.i.j.JacksonVersion ] [tpotcluster-node-01] Package versions: jackson-annotations=2.13.2, jackson-core=2.13.2, jackson-databind=2.13.2.2, jackson-dataformat-xml=2.13.2, jackson-datatype-jsr310=2.13.2, azure-core=1.27.0, Troubleshooting version conflicts: https://aka.ms/azsdk/java/dependency/troubleshoot\n","stream":"stdout","time":"2023-08-21T11:03:28.135430033Z"}
{"log":"[2023-08-21T11:03:30,753][INFO ][o.e.p.PluginsService     ] [tpotcluster-node-01] loaded module [aggregations]\n","stream":"stdout","time":"2023-08-21T11:03:30.75436504Z"}
{"log":"[2023-08-21T11:03:30,754][INFO ][o.e.p.PluginsService     ] [tpotcluster-node-01] loaded module [aggs-matrix-stats]\n","stream":"stdout","time":"2023-08-21T11:03:30.755036587Z"}
{"log":"[2023-08-21T11:03:30,755][INFO ][o.e.p.PluginsService     ] [tpotcluster-node-01] loaded module [analysis-common]\n","stream":"stdout","time":"2023-08-21T11:03:30.755732467Z"}
{"log":"[2023-08-21T11:03:30,756][INFO ][o.e.p.PluginsService     ] [tpotcluster-node-01] loaded module [apm]\n","stream":"stdout","time":"2023-08-21T11:03:30.756405039Z"}
{"log":"[2023-08-21T11:03:30,756][INFO ][o.e.p.PluginsService     ] [tpotcluster-node-01] loaded module [constant-keyword]\n","stream":"stdout","time":"2023-08-21T11:03:30.757007136Z"}
{"log":"[2023-08-21T11:03:30,757][INFO ][o.e.p.PluginsService     ] [tpotcluster-node-01] loaded module [data-streams]\n","stream":"stdout","time":"2023-08-21T11:03:30.757584424Z"}
{"log":"[2023-08-21T11:03:30,758][INFO ][o.e.p.PluginsService     ] [tpotcluster-node-01] loaded module [frozen-indices]\n","stream":"stdout","time":"2023-08-21T11:03:30.758202095Z"}
{"log":"[2023-08-21T11:03:30,758][INFO ][o.e.p.PluginsService     ] [tpotcluster-node-01] loaded module [ingest-attachment]\n","stream":"stdout","time":"2023-08-21T11:03:30.758641283Z"}
{"log":"[2023-08-21T11:03:30,759][INFO ][o.e.p.PluginsService     ] [tpotcluster-node-01] loaded module [ingest-common]\n","stream":"stdout","time":"2023-08-21T11:03:30.759228326Z"}
{"log":"[2023-08-21T11:03:30,759][INFO ][o.e.p.PluginsService     ] [tpotcluster-node-01] loaded module [ingest-geoip]\n","stream":"stdout","time":"2023-08-21T11:03:30.759889973Z"}
{"log":"[2023-08-21T11:03:30,760][INFO ][o.e.p.PluginsService     ] [tpotcluster-node-01] loaded module [ingest-user-agent]\n","stream":"stdout","time":"2023-08-21T11:03:30.760444484Z"}
{"log":"[2023-08-21T11:03:30,760][INFO ][o.e.p.PluginsService     ] [tpotcluster-node-01] loaded module [kibana]\n","stream":"stdout","time":"2023-08-21T11:03:30.761032892Z"}
{"log":"[2023-08-21T11:03:30,761][INFO ][o.e.p.PluginsService     ] [tpotcluster-node-01] loaded module [lang-expression]\n","stream":"stdout","time":"2023-08-21T11:03:30.761661536Z"}
{"log":"[2023-08-21T11:03:30,762][INFO ][o.e.p.PluginsService     ] [tpotcluster-node-01] loaded module [lang-mustache]\n","stream":"stdout","time":"2023-08-21T11:03:30.762280482Z"}
{"log":"[2023-08-21T11:03:30,762][INFO ][o.e.p.PluginsService     ] [tpotcluster-node-01] loaded module [lang-painless]\n","stream":"stdout","time":"2023-08-21T11:03:30.762899116Z"}
{"log":"[2023-08-21T11:03:30,763][INFO ][o.e.p.PluginsService     ] [tpotcluster-node-01] loaded module [legacy-geo]\n","stream":"stdout","time":"2023-08-21T11:03:30.763535073Z"}
{"log":"[2023-08-21T11:03:30,764][INFO ][o.e.p.PluginsService     ] [tpotcluster-node-01] loaded module [mapper-extras]\n","stream":"stdout","time":"2023-08-21T11:03:30.76422914Z"}
{"log":"[2023-08-21T11:03:30,764][INFO ][o.e.p.PluginsService     ] [tpotcluster-node-01] loaded module [mapper-version]\n","stream":"stdout","time":"2023-08-21T11:03:30.764831927Z"}
{"log":"[2023-08-21T11:03:30,765][INFO ][o.e.p.PluginsService     ] [tpotcluster-node-01] loaded module [old-lucene-versions]\n","stream":"stdout","time":"2023-08-21T11:03:30.76551447Z"}
{"log":"[2023-08-21T11:03:30,766][INFO ][o.e.p.PluginsService     ] [tpotcluster-node-01] loaded module [parent-join]\n","stream":"stdout","time":"2023-08-21T11:03:30.766195339Z"}
{"log":"[2023-08-21T11:03:30,766][INFO ][o.e.p.PluginsService     ] [tpotcluster-node-01] loaded module [percolator]\n","stream":"stdout","time":"2023-08-21T11:03:30.766663247Z"}
{"log":"[2023-08-21T11:03:30,766][INFO ][o.e.p.PluginsService     ] [tpotcluster-node-01] loaded module [rank-eval]\n","stream":"stdout","time":"2023-08-21T11:03:30.767081969Z"}
{"log":"[2023-08-21T11:03:30,774][INFO ][o.e.p.PluginsService     ] [tpotcluster-node-01] loaded module [reindex]\n","stream":"stdout","time":"2023-08-21T11:03:30.77477849Z"}
{"log":"[2023-08-21T11:03:30,775][INFO ][o.e.p.PluginsService     ] [tpotcluster-node-01] loaded module [repositories-metering-api]\n","stream":"stdout","time":"2023-08-21T11:03:30.775716601Z"}
{"log":"[2023-08-21T11:03:30,775][INFO ][o.e.p.PluginsService     ] [tpotcluster-node-01] loaded module [repository-azure]\n","stream":"stdout","time":"2023-08-21T11:03:30.776145507Z"}
{"log":"[2023-08-21T11:03:30,776][INFO ][o.e.p.PluginsService     ] [tpotcluster-node-01] loaded module [repository-encrypted]\n","stream":"stdout","time":"2023-08-21T11:03:30.776725645Z"}
{"log":"[2023-08-21T11:03:30,777][INFO ][o.e.p.PluginsService     ] [tpotcluster-node-01] loaded module [repository-gcs]\n","stream":"stdout","time":"2023-08-21T11:03:30.777158236Z"}
{"log":"[2023-08-21T11:03:30,777][INFO ][o.e.p.PluginsService     ] [tpotcluster-node-01] loaded module [repository-s3]\n","stream":"stdout","time":"2023-08-21T11:03:30.777588785Z"}
{"log":"[2023-08-21T11:03:30,777][INFO ][o.e.p.PluginsService     ] [tpotcluster-node-01] loaded module [repository-url]\n","stream":"stdout","time":"2023-08-21T11:03:30.777961575Z"}
{"log":"[2023-08-21T11:03:30,778][INFO ][o.e.p.PluginsService     ] [tpotcluster-node-01] loaded module [runtime-fields-common]\n","stream":"stdout","time":"2023-08-21T11:03:30.778375955Z"}
{"log":"[2023-08-21T11:03:30,778][INFO ][o.e.p.PluginsService     ] [tpotcluster-node-01] loaded module [search-business-rules]\n","stream":"stdout","time":"2023-08-21T11:03:30.778850687Z"}
{"log":"[2023-08-21T11:03:30,779][INFO ][o.e.p.PluginsService     ] [tpotcluster-node-01] loaded module [searchable-snapshots]\n","stream":"stdout","time":"2023-08-21T11:03:30.779294115Z"}
{"log":"[2023-08-21T11:03:30,779][INFO ][o.e.p.PluginsService     ] [tpotcluster-node-01] loaded module [snapshot-based-recoveries]\n","stream":"stdout","time":"2023-08-21T11:03:30.779782546Z"}
{"log":"[2023-08-21T11:03:30,780][INFO ][o.e.p.PluginsService     ] [tpotcluster-node-01] loaded module [snapshot-repo-test-kit]\n","stream":"stdout","time":"2023-08-21T11:03:30.780235673Z"}
{"log":"[2023-08-21T11:03:30,780][INFO ][o.e.p.PluginsService     ] [tpotcluster-node-01] loaded module [spatial]\n","stream":"stdout","time":"2023-08-21T11:03:30.780761069Z"}
{"log":"[2023-08-21T11:03:30,781][INFO ][o.e.p.PluginsService     ] [tpotcluster-node-01] loaded module [systemd]\n","stream":"stdout","time":"2023-08-21T11:03:30.781161592Z"}
{"log":"[2023-08-21T11:03:30,781][INFO ][o.e.p.PluginsService     ] [tpotcluster-node-01] loaded module [transform]\n","stream":"stdout","time":"2023-08-21T11:03:30.781601828Z"}
{"log":"[2023-08-21T11:03:30,781][INFO ][o.e.p.PluginsService     ] [tpotcluster-node-01] loaded module [transport-netty4]\n","stream":"stdout","time":"2023-08-21T11:03:30.782071484Z"}
{"log":"[2023-08-21T11:03:30,782][INFO ][o.e.p.PluginsService     ] [tpotcluster-node-01] loaded module [unsigned-long]\n","stream":"stdout","time":"2023-08-21T11:03:30.782515324Z"}
{"log":"[2023-08-21T11:03:30,782][INFO ][o.e.p.PluginsService     ] [tpotcluster-node-01] loaded module [vector-tile]\n","stream":"stdout","time":"2023-08-21T11:03:30.783155077Z"}
{"log":"[2023-08-21T11:03:30,783][INFO ][o.e.p.PluginsService     ] [tpotcluster-node-01] loaded module [wildcard]\n","stream":"stdout","time":"2023-08-21T11:03:30.783763135Z"}
{"log":"[2023-08-21T11:03:30,784][INFO ][o.e.p.PluginsService     ] [tpotcluster-node-01] loaded module [x-pack-aggregate-metric]\n","stream":"stdout","time":"2023-08-21T11:03:30.784174842Z"}
{"log":"[2023-08-21T11:03:30,784][INFO ][o.e.p.PluginsService     ] [tpotcluster-node-01] loaded module [x-pack-analytics]\n","stream":"stdout","time":"2023-08-21T11:03:30.784651809Z"}
{"log":"[2023-08-21T11:03:30,784][INFO ][o.e.p.PluginsService     ] [tpotcluster-node-01] loaded module [x-pack-async]\n","stream":"stdout","time":"2023-08-21T11:03:30.78510261Z"}
{"log":"[2023-08-21T11:03:30,785][INFO ][o.e.p.PluginsService     ] [tpotcluster-node-01] loaded module [x-pack-async-search]\n","stream":"stdout","time":"2023-08-21T11:03:30.785644997Z"}
{"log":"[2023-08-21T11:03:30,786][INFO ][o.e.p.PluginsService     ] [tpotcluster-node-01] loaded module [x-pack-autoscaling]\n","stream":"stdout","time":"2023-08-21T11:03:30.786255956Z"}
{"log":"[2023-08-21T11:03:30,786][INFO ][o.e.p.PluginsService     ] [tpotcluster-node-01] loaded module [x-pack-ccr]\n","stream":"stdout","time":"2023-08-21T11:03:30.786764227Z"}
{"log":"[2023-08-21T11:03:30,787][INFO ][o.e.p.PluginsService     ] [tpotcluster-node-01] loaded module [x-pack-core]\n","stream":"stdout","time":"2023-08-21T11:03:30.787346979Z"}
{"log":"[2023-08-21T11:03:30,787][INFO ][o.e.p.PluginsService     ] [tpotcluster-node-01] loaded module [x-pack-deprecation]\n","stream":"stdout","time":"2023-08-21T11:03:30.787823588Z"}
{"log":"[2023-08-21T11:03:30,788][INFO ][o.e.p.PluginsService     ] [tpotcluster-node-01] loaded module [x-pack-enrich]\n","stream":"stdout","time":"2023-08-21T11:03:30.788367817Z"}
{"log":"[2023-08-21T11:03:30,788][INFO ][o.e.p.PluginsService     ] [tpotcluster-node-01] loaded module [x-pack-eql]\n","stream":"stdout","time":"2023-08-21T11:03:30.788933383Z"}
{"log":"[2023-08-21T11:03:30,789][INFO ][o.e.p.PluginsService     ] [tpotcluster-node-01] loaded module [x-pack-fleet]\n","stream":"stdout","time":"2023-08-21T11:03:30.789447755Z"}
{"log":"[2023-08-21T11:03:30,789][INFO ][o.e.p.PluginsService     ] [tpotcluster-node-01] loaded module [x-pack-graph]\n","stream":"stdout","time":"2023-08-21T11:03:30.789994466Z"}
{"log":"[2023-08-21T11:03:30,790][INFO ][o.e.p.PluginsService     ] [tpotcluster-node-01] loaded module [x-pack-identity-provider]\n","stream":"stdout","time":"2023-08-21T11:03:30.790613887Z"}
{"log":"[2023-08-21T11:03:30,790][INFO ][o.e.p.PluginsService     ] [tpotcluster-node-01] loaded module [x-pack-ilm]\n","stream":"stdout","time":"2023-08-21T11:03:30.79114314Z"}
{"log":"[2023-08-21T11:03:30,791][INFO ][o.e.p.PluginsService     ] [tpotcluster-node-01] loaded module [x-pack-logstash]\n","stream":"stdout","time":"2023-08-21T11:03:30.791673047Z"}
{"log":"[2023-08-21T11:03:30,792][INFO ][o.e.p.PluginsService     ] [tpotcluster-node-01] loaded module [x-pack-ml]\n","stream":"stdout","time":"2023-08-21T11:03:30.792205465Z"}
{"log":"[2023-08-21T11:03:30,792][INFO ][o.e.p.PluginsService     ] [tpotcluster-node-01] loaded module [x-pack-monitoring]\n","stream":"stdout","time":"2023-08-21T11:03:30.794172727Z"}
{"log":"[2023-08-21T11:03:30,792][INFO ][o.e.p.PluginsService     ] [tpotcluster-node-01] loaded module [x-pack-ql]\n","stream":"stdout","time":"2023-08-21T11:03:30.794190309Z"}
{"log":"[2023-08-21T11:03:30,792][INFO ][o.e.p.PluginsService     ] [tpotcluster-node-01] loaded module [x-pack-rollup]\n","stream":"stdout","time":"2023-08-21T11:03:30.794196181Z"}
{"log":"[2023-08-21T11:03:30,793][INFO ][o.e.p.PluginsService     ] [tpotcluster-node-01] loaded module [x-pack-security]\n","stream":"stdout","time":"2023-08-21T11:03:30.794201576Z"}
{"log":"[2023-08-21T11:03:30,793][INFO ][o.e.p.PluginsService     ] [tpotcluster-node-01] loaded module [x-pack-shutdown]\n","stream":"stdout","time":"2023-08-21T11:03:30.794223615Z"}
{"log":"[2023-08-21T11:03:30,793][INFO ][o.e.p.PluginsService     ] [tpotcluster-node-01] loaded module [x-pack-sql]\n","stream":"stdout","time":"2023-08-21T11:03:30.794228759Z"}
{"log":"[2023-08-21T11:03:30,793][INFO ][o.e.p.PluginsService     ] [tpotcluster-node-01] loaded module [x-pack-stack]\n","stream":"stdout","time":"2023-08-21T11:03:30.794233584Z"}
{"log":"[2023-08-21T11:03:30,794][INFO ][o.e.p.PluginsService     ] [tpotcluster-node-01] loaded module [x-pack-text-structure]\n","stream":"stdout","time":"2023-08-21T11:03:30.794461319Z"}
{"log":"[2023-08-21T11:03:30,794][INFO ][o.e.p.PluginsService     ] [tpotcluster-node-01] loaded module [x-pack-voting-only-node]\n","stream":"stdout","time":"2023-08-21T11:03:30.794993196Z"}
{"log":"[2023-08-21T11:03:30,795][INFO ][o.e.p.PluginsService     ] [tpotcluster-node-01] loaded module [x-pack-watcher]\n","stream":"stdout","time":"2023-08-21T11:03:30.795524061Z"}
{"log":"[2023-08-21T11:03:30,795][INFO ][o.e.p.PluginsService     ] [tpotcluster-node-01] loaded module [x-pack-write-load-forecaster]\n","stream":"stdout","time":"2023-08-21T11:03:30.795780065Z"}
{"log":"[2023-08-21T11:03:30,796][INFO ][o.e.p.PluginsService     ] [tpotcluster-node-01] no plugins loaded\n","stream":"stdout","time":"2023-08-21T11:03:30.79638988Z"}
{"log":"[2023-08-21T11:03:35,386][INFO ][o.e.e.NodeEnvironment    ] [tpotcluster-node-01] using [1] data paths, mounts [[/data (/dev/vda1)]], net usable_space [137.3gb], net total_space [157.3gb], types [ext4]\n","stream":"stdout","time":"2023-08-21T11:03:35.387590869Z"}
{"log":"[2023-08-21T11:03:35,388][INFO ][o.e.e.NodeEnvironment    ] [tpotcluster-node-01] heap size [2gb], compressed ordinary object pointers [true]\n","stream":"stdout","time":"2023-08-21T11:03:35.388366642Z"}
{"log":"[2023-08-21T11:03:35,538][INFO ][o.e.n.Node               ] [tpotcluster-node-01] node name [tpotcluster-node-01], node ID [t8YvlPFaQiylJVkY_CrG5w], cluster name [tpotcluster], roles [data_warm, master, remote_cluster_client, data, data_cold, ingest, data_frozen, ml, data_hot, transform, data_content]\n","stream":"stdout","time":"2023-08-21T11:03:35.538705149Z"}
{"log":"[2023-08-21T11:03:36,305][WARN ][o.e.t.ThreadPool         ] [tpotcluster-node-01] absolute clock went backwards by [800ms/800ms] while timer thread was sleeping\n","stream":"stdout","time":"2023-08-21T11:03:36.306499304Z"}
{"log":"[2023-08-21T11:03:39,750][INFO ][o.e.x.s.Security         ] [tpotcluster-node-01] Security is disabled\n","stream":"stdout","time":"2023-08-21T11:03:39.750531102Z"}
{"log":"[2023-08-21T11:03:40,384][INFO ][o.e.t.n.NettyAllocator   ] [tpotcluster-node-01] creating NettyAllocator with the following configs: [name=elasticsearch_configured, chunk_size=1mb, suggested_max_allocation_size=1mb, factors={es.unsafe.use_netty_default_chunk_and_page_size=false, g1gc_enabled=true, g1gc_region_size=4mb}]\n","stream":"stdout","time":"2023-08-21T11:03:40.384639237Z"}
{"log":"[2023-08-21T11:03:40,420][INFO ][o.e.i.r.RecoverySettings ] [tpotcluster-node-01] using rate limit [40mb] with [default=40mb, read=0b, write=0b, max=0b]\n","stream":"stdout","time":"2023-08-21T11:03:40.421269173Z"}
{"log":"[2023-08-21T11:03:40,485][INFO ][o.e.d.DiscoveryModule    ] [tpotcluster-node-01] using discovery type [single-node] and seed hosts providers [settings]\n","stream":"stdout","time":"2023-08-21T11:03:40.485525564Z"}
{"log":"[2023-08-21T11:03:41,894][INFO ][o.e.n.Node               ] [tpotcluster-node-01] initialized\n","stream":"stdout","time":"2023-08-21T11:03:41.899327776Z"}
{"log":"[2023-08-21T11:03:41,895][INFO ][o.e.n.Node               ] [tpotcluster-node-01] starting ...\n","stream":"stdout","time":"2023-08-21T11:03:41.899356191Z"}
{"log":"[2023-08-21T11:03:41,942][INFO ][o.e.x.s.c.f.PersistentCache] [tpotcluster-node-01] persistent cache index loaded\n","stream":"stdout","time":"2023-08-21T11:03:41.943138135Z"}
{"log":"[2023-08-21T11:03:41,944][INFO ][o.e.x.d.l.DeprecationIndexingComponent] [tpotcluster-node-01] deprecation component started\n","stream":"stdout","time":"2023-08-21T11:03:41.944543898Z"}
{"log":"[2023-08-21T11:03:42,120][INFO ][o.e.t.TransportService   ] [tpotcluster-node-01] publish_address {127.0.0.1:9300}, bound_addresses {127.0.0.1:9300}\n","stream":"stdout","time":"2023-08-21T11:03:42.12040513Z"}
{"log":"[2023-08-21T11:03:43,204][WARN ][o.e.c.c.ClusterBootstrapService] [tpotcluster-node-01] this node is locked into cluster UUID [SfkmdX-aSxacqy805OB5eg] but [cluster.initial_master_nodes] is set to [tpotcluster-node-01]; remove this setting to avoid possible data loss caused by subsequent cluster bootstrap attempts\n","stream":"stdout","time":"2023-08-21T11:03:43.205150849Z"}
{"log":"[2023-08-21T11:03:43,299][INFO ][o.e.c.s.MasterService    ] [tpotcluster-node-01] elected-as-master ([1] nodes joined)[_FINISH_ELECTION_, {tpotcluster-node-01}{t8YvlPFaQiylJVkY_CrG5w}{iODbetHyQ96EVq_8l8TfKA}{tpotcluster-node-01}{127.0.0.1}{127.0.0.1:9300}{cdfhilmrstw} completing election], term: 39, version: 1246, delta: master node changed {previous [], current [{tpotcluster-node-01}{t8YvlPFaQiylJVkY_CrG5w}{iODbetHyQ96EVq_8l8TfKA}{tpotcluster-node-01}{127.0.0.1}{127.0.0.1:9300}{cdfhilmrstw}]}\n","stream":"stdout","time":"2023-08-21T11:03:43.299854813Z"}
{"log":"[2023-08-21T11:03:43,396][INFO ][o.e.c.s.ClusterApplierService] [tpotcluster-node-01] master node changed {previous [], current [{tpotcluster-node-01}{t8YvlPFaQiylJVkY_CrG5w}{iODbetHyQ96EVq_8l8TfKA}{tpotcluster-node-01}{127.0.0.1}{127.0.0.1:9300}{cdfhilmrstw}]}, term: 39, version: 1246, reason: Publication{term=39, version=1246}\n","stream":"stdout","time":"2023-08-21T11:03:43.397553402Z"}
{"log":"[2023-08-21T11:03:43,480][INFO ][o.e.r.s.FileSettingsService] [tpotcluster-node-01] starting file settings watcher ...\n","stream":"stdout","time":"2023-08-21T11:03:43.480811458Z"}
{"log":"[2023-08-21T11:03:43,511][INFO ][o.e.r.s.FileSettingsService] [tpotcluster-node-01] file settings service up and running [tid=53]\n","stream":"stdout","time":"2023-08-21T11:03:43.511969362Z"}
{"log":"[2023-08-21T11:03:43,512][INFO ][o.e.h.AbstractHttpServerTransport] [tpotcluster-node-01] publish_address {172.18.0.2:9200}, bound_addresses {0.0.0.0:9200}\n","stream":"stdout","time":"2023-08-21T11:03:43.512755904Z"}
{"log":"[2023-08-21T11:03:43,513][INFO ][o.e.n.Node               ] [tpotcluster-node-01] started {tpotcluster-node-01}{t8YvlPFaQiylJVkY_CrG5w}{iODbetHyQ96EVq_8l8TfKA}{tpotcluster-node-01}{127.0.0.1}{127.0.0.1:9300}{cdfhilmrstw}{xpack.installed=true}\n","stream":"stdout","time":"2023-08-21T11:03:43.513355111Z"}
{"log":"[2023-08-21T11:03:43,796][INFO ][o.e.l.LicenseService     ] [tpotcluster-node-01] license [1526caa5-ac77-4f96-9e13-9235e123719a] mode [basic] - valid\n","stream":"stdout","time":"2023-08-21T11:03:43.796634906Z"}
{"log":"[2023-08-21T11:03:43,801][INFO ][o.e.g.GatewayService     ] [tpotcluster-node-01] recovered [17] indices into cluster_state\n","stream":"stdout","time":"2023-08-21T11:03:43.802253471Z"}
{"log":"[2023-08-21T11:03:44,633][INFO ][o.e.h.n.s.HealthNodeTaskExecutor] [tpotcluster-node-01] Node [{tpotcluster-node-01}{t8YvlPFaQiylJVkY_CrG5w}] is selected as the current health node.\n","stream":"stdout","time":"2023-08-21T11:03:44.634440373Z"}
{"log":"[2023-08-21T11:03:44,635][ERROR][o.e.i.g.GeoIpDownloader  ] [tpotcluster-node-01] exception during geoip databases update org.elasticsearch.ElasticsearchException: not all primary shards of [.geoip_databases] index are active\n","stream":"stdout","time":"2023-08-21T11:03:44.636786061Z"}
{"log":"\u0009at org.elasticsearch.ingest.geoip@8.6.2/org.elasticsearch.ingest.geoip.GeoIpDownloader.updateDatabases(GeoIpDownloader.java:134)\n","stream":"stdout","time":"2023-08-21T11:03:44.636816029Z"}
{"log":"\u0009at org.elasticsearch.ingest.geoip@8.6.2/org.elasticsearch.ingest.geoip.GeoIpDownloader.runDownloader(GeoIpDownloader.java:274)\n","stream":"stdout","time":"2023-08-21T11:03:44.636822275Z"}
{"log":"\u0009at org.elasticsearch.ingest.geoip@8.6.2/org.elasticsearch.ingest.geoip.GeoIpDownloaderTaskExecutor.nodeOperation(GeoIpDownloaderTaskExecutor.java:102)\n","stream":"stdout","time":"2023-08-21T11:03:44.636827145Z"}
{"log":"\u0009at org.elasticsearch.ingest.geoip@8.6.2/org.elasticsearch.ingest.geoip.GeoIpDownloaderTaskExecutor.nodeOperation(GeoIpDownloaderTaskExecutor.java:48)\n","stream":"stdout","time":"2023-08-21T11:03:44.636832181Z"}
{"log":"\u0009at org.elasticsearch.server@8.6.2/org.elasticsearch.persistent.NodePersistentTasksExecutor$1.doRun(NodePersistentTasksExecutor.java:42)\n","stream":"stdout","time":"2023-08-21T11:03:44.636837819Z"}
{"log":"\u0009at org.elasticsearch.server@8.6.2/org.elasticsearch.common.util.concurrent.ThreadContext$ContextPreservingAbstractRunnable.doRun(ThreadContext.java:917)\n","stream":"stdout","time":"2023-08-21T11:03:44.636842539Z"}
{"log":"\u0009at org.elasticsearch.server@8.6.2/org.elasticsearch.common.util.concurrent.AbstractRunnable.run(AbstractRunnable.java:26)\n","stream":"stdout","time":"2023-08-21T11:03:44.636847008Z"}
{"log":"\u0009at java.base/java.util.concurrent.ThreadPoolExecutor.runWorker(ThreadPoolExecutor.java:1144)\n","stream":"stdout","time":"2023-08-21T11:03:44.636851202Z"}
{"log":"\u0009at java.base/java.util.concurrent.ThreadPoolExecutor$Worker.run(ThreadPoolExecutor.java:642)\n","stream":"stdout","time":"2023-08-21T11:03:44.636855443Z"}
{"log":"\u0009at java.base/java.lang.Thread.run(Thread.java:1589)\n","stream":"stdout","time":"2023-08-21T11:03:44.636859552Z"}
{"log":"\n","stream":"stdout","time":"2023-08-21T11:03:44.636863973Z"}
{"log":"[2023-08-21T11:03:45,863][INFO ][o.e.i.g.DatabaseNodeService] [tpotcluster-node-01] successfully loaded geoip database file [GeoLite2-Country.mmdb]\n","stream":"stdout","time":"2023-08-21T11:03:45.865086465Z"}
{"log":"[2023-08-21T11:03:46,138][INFO ][o.e.i.g.DatabaseNodeService] [tpotcluster-node-01] successfully loaded geoip database file [GeoLite2-ASN.mmdb]\n","stream":"stdout","time":"2023-08-21T11:03:46.1392374Z"}
{"log":"[2023-08-21T11:03:47,894][INFO ][o.e.i.g.DatabaseNodeService] [tpotcluster-node-01] successfully loaded geoip database file [GeoLite2-City.mmdb]\n","stream":"stdout","time":"2023-08-21T11:03:47.901992896Z"}
{"log":"[2023-08-21T11:03:48,689][INFO ][o.e.c.r.a.AllocationService] [tpotcluster-node-01] current.health=\"GREEN\" message=\"Cluster health status changed from [RED] to [GREEN] (reason: [shards started [[logstash-2023.08.21][0]]]).\" previous.health=\"RED\" reason=\"shards started [[logstash-2023.08.21][0]]\"\n","stream":"stdout","time":"2023-08-21T11:03:48.690011268Z"}
