{"log":"21/8/2023 -- 11:03:24 - \u003cNotice\u003e - This is Suricata version 6.0.12 RELEASE running in SYSTEM mode\n","stream":"stdout","time":"2023-08-21T11:03:24.415588284Z"}
{"log":"21/8/2023 -- 11:03:24 - \u003cInfo\u003e - CPUs/cores online: 4\n","stream":"stdout","time":"2023-08-21T11:03:24.415651867Z"}
{"log":"21/8/2023 -- 11:03:24 - \u003cInfo\u003e - Setting engine mode to IDS mode by default\n","stream":"stdout","time":"2023-08-21T11:03:24.420674072Z"}
{"log":"21/8/2023 -- 11:03:24 - \u003cInfo\u003e - Found an MTU of 1500 for 'eth0'\n","stream":"stdout","time":"2023-08-21T11:03:24.659774238Z"}
{"log":"21/8/2023 -- 11:03:24 - \u003cInfo\u003e - Found an MTU of 1500 for 'eth0'\n","stream":"stdout","time":"2023-08-21T11:03:24.659944038Z"}
{"log":"21/8/2023 -- 11:03:24 - \u003cInfo\u003e - dropped the caps for main thread\n","stream":"stdout","time":"2023-08-21T11:03:24.746080923Z"}
{"log":"21/8/2023 -- 11:03:24 - \u003cInfo\u003e - eve-log output device (regular) initialized: eve.json\n","stream":"stdout","time":"2023-08-21T11:03:24.746356011Z"}
{"log":"21/8/2023 -- 11:03:24 - \u003cInfo\u003e - Going to log the md5 sum of email body\n","stream":"stdout","time":"2023-08-21T11:03:24.746555963Z"}
{"log":"21/8/2023 -- 11:03:24 - \u003cInfo\u003e - Going to log the md5 sum of email subject\n","stream":"stdout","time":"2023-08-21T11:03:24.746683141Z"}
{"log":"21/8/2023 -- 11:03:24 - \u003cInfo\u003e - DNP3 log sub-module initialized.\n","stream":"stdout","time":"2023-08-21T11:03:24.746827827Z"}
{"log":"21/8/2023 -- 11:03:24 - \u003cInfo\u003e - DNP3 log sub-module initialized.\n","stream":"stdout","time":"2023-08-21T11:03:24.746953421Z"}
{"log":"21/8/2023 -- 11:03:31 - \u003cInfo\u003e - Rule with ID 2026440 is bidirectional, but source and destination are the same, treating the rule as unidirectional\n","stream":"stdout","time":"2023-08-21T11:03:31.890272174Z"}
{"log":"21/8/2023 -- 11:03:47 - \u003cInfo\u003e - 1 rule files processed. 44422 rules successfully loaded, 0 rules failed\n","stream":"stdout","time":"2023-08-21T11:03:47.972224013Z"}
{"log":"21/8/2023 -- 11:03:48 - \u003cInfo\u003e - Threshold config parsed: 0 rule(s) found\n","stream":"stdout","time":"2023-08-21T11:03:48.12613667Z"}
{"log":"21/8/2023 -- 11:03:49 - \u003cInfo\u003e - 44437 signatures processed. 1388 are IP-only rules, 8798 are inspecting packet payload, 33842 inspect application layer, 113 are decoder event only\n","stream":"stdout","time":"2023-08-21T11:03:49.325371468Z"}
{"log":"21/8/2023 -- 11:03:49 - \u003cWarning\u003e - [ERRCODE: SC_WARN_FLOWBIT(306)] - flowbit 'ET.ButterflyJoin' is checked but not set. Checked in 2011296 and 0 other sigs\n","stream":"stdout","time":"2023-08-21T11:03:49.345858736Z"}
{"log":"21/8/2023 -- 11:03:49 - \u003cWarning\u003e - [ERRCODE: SC_WARN_FLOWBIT(306)] - flowbit 'ET.Netwire.HB.1' is checked but not set. Checked in 2018282 and 0 other sigs\n","stream":"stdout","time":"2023-08-21T11:03:49.34596882Z"}
{"log":"21/8/2023 -- 11:03:49 - \u003cWarning\u003e - [ERRCODE: SC_WARN_FLOWBIT(306)] - flowbit 'ET.GenericPhish_Adobe' is checked but not set. Checked in 2023048 and 0 other sigs\n","stream":"stdout","time":"2023-08-21T11:03:49.346010316Z"}
{"log":"21/8/2023 -- 11:03:49 - \u003cWarning\u003e - [ERRCODE: SC_WARN_FLOWBIT(306)] - flowbit 'is_ssh_client_kex' is checked but not set. Checked in 2001977 and 1 other sigs\n","stream":"stdout","time":"2023-08-21T11:03:49.346529116Z"}
{"log":"21/8/2023 -- 11:04:25 - \u003cInfo\u003e - Going to use 4 thread(s)\n","stream":"stdout","time":"2023-08-21T11:04:25.830300647Z"}
{"log":"21/8/2023 -- 11:04:25 - \u003cInfo\u003e - Using unix socket file '/var/run/suricata/suricata-command.socket'\n","stream":"stdout","time":"2023-08-21T11:04:25.896254084Z"}
{"log":"21/8/2023 -- 11:04:25 - \u003cNotice\u003e - all 4 packet processing threads, 2 management threads initialized, engine started.\n","stream":"stdout","time":"2023-08-21T11:04:25.898405937Z"}
{"log":"21/8/2023 -- 11:04:25 - \u003cInfo\u003e - Using BPF 'not (host sicherheitstacho.eu or community.sicherheitstacho.eu or listbot.sicherheitstacho.eu) and not (host rules.emergingthreats.net or rules.emergingthreatspro.com) and not (host deb.debian.org) and not (host ghcr.io) and not (host index.docker.io or docker.io) and not (tcp port 64305)' on iface 'eth0'\n","stream":"stdout","time":"2023-08-21T11:04:25.949172152Z"}
{"log":"21/8/2023 -- 11:04:26 - \u003cInfo\u003e - Using BPF 'not (host sicherheitstacho.eu or community.sicherheitstacho.eu or listbot.sicherheitstacho.eu) and not (host rules.emergingthreats.net or rules.emergingthreatspro.com) and not (host deb.debian.org) and not (host ghcr.io) and not (host index.docker.io or docker.io) and not (tcp port 64305)' on iface 'eth0'\n","stream":"stdout","time":"2023-08-21T11:04:26.174164587Z"}
{"log":"21/8/2023 -- 11:04:26 - \u003cInfo\u003e - Using BPF 'not (host sicherheitstacho.eu or community.sicherheitstacho.eu or listbot.sicherheitstacho.eu) and not (host rules.emergingthreats.net or rules.emergingthreatspro.com) and not (host deb.debian.org) and not (host ghcr.io) and not (host index.docker.io or docker.io) and not (tcp port 64305)' on iface 'eth0'\n","stream":"stdout","time":"2023-08-21T11:04:26.230491407Z"}
{"log":"21/8/2023 -- 11:04:26 - \u003cInfo\u003e - Using BPF 'not (host sicherheitstacho.eu or community.sicherheitstacho.eu or listbot.sicherheitstacho.eu) and not (host rules.emergingthreats.net or rules.emergingthreatspro.com) and not (host deb.debian.org) and not (host ghcr.io) and not (host index.docker.io or docker.io) and not (tcp port 64305)' on iface 'eth0'\n","stream":"stdout","time":"2023-08-21T11:04:26.294162409Z"}
{"log":"21/8/2023 -- 11:04:26 - \u003cInfo\u003e - All AFP capture threads are running.\n","stream":"stdout","time":"2023-08-21T11:04:26.299930483Z"}
