{"log":"Connection to Listbot looks good, now downloading latest translation maps.\n","stream":"stdout","time":"2023-08-21T11:03:48.761766952Z"}
{"log":"\n","stream":"stdout","time":"2023-08-21T11:03:48.826330095Z"}
{"log":"08/21 11:03:48 [\u001b[1;32mNOTICE\u001b[0m] Downloading 1 item(s)\n","stream":"stdout","time":"2023-08-21T11:03:48.826359646Z"}
{"log":"\n","stream":"stdout","time":"2023-08-21T11:03:49.367995294Z"}
{"log":"08/21 11:03:49 [\u001b[1;32mNOTICE\u001b[0m] Download complete: /etc/listbot/cve.yaml.bz2\n","stream":"stdout","time":"2023-08-21T11:03:49.368028463Z"}
{"log":"\n","stream":"stdout","time":"2023-08-21T11:03:49.368553899Z"}
{"log":"Download Results:\n","stream":"stdout","time":"2023-08-21T11:03:49.368565755Z"}
{"log":"gid   |stat|avg speed  |path/URI\n","stream":"stdout","time":"2023-08-21T11:03:49.368569653Z"}
{"log":"======+====+===========+=======================================================\n","stream":"stdout","time":"2023-08-21T11:03:49.368573626Z"}
{"log":"c166c1|OK  |   236KiB/s|/etc/listbot/cve.yaml.bz2\n","stream":"stdout","time":"2023-08-21T11:03:49.368577369Z"}
{"log":"\n","stream":"stdout","time":"2023-08-21T11:03:49.368580988Z"}
{"log":"Status Legend:\n","stream":"stdout","time":"2023-08-21T11:03:49.368584443Z"}
{"log":"(OK):download completed.\n","stream":"stdout","time":"2023-08-21T11:03:49.368587956Z"}
{"log":"\n","stream":"stdout","time":"2023-08-21T11:03:49.38713461Z"}
{"log":"08/21 11:03:49 [\u001b[1;32mNOTICE\u001b[0m] Downloading 1 item(s)\n","stream":"stdout","time":"2023-08-21T11:03:49.387165078Z"}
{"log":"[#bb64b0 880KiB/1.7MiB(50%) CN:1 DL:1.4MiB]\n","stream":"stdout","time":"2023-08-21T11:03:50.418995632Z"}
{"log":"\n","stream":"stdout","time":"2023-08-21T11:03:50.419042455Z"}
{"log":"08/21 11:03:50 [\u001b[1;32mNOTICE\u001b[0m] Download complete: /etc/listbot/iprep.yaml.bz2\n","stream":"stdout","time":"2023-08-21T11:03:50.419049818Z"}
{"log":"\n","stream":"stdout","time":"2023-08-21T11:03:50.419595166Z"}
{"log":"Download Results:\n","stream":"stdout","time":"2023-08-21T11:03:50.419610952Z"}
{"log":"gid   |stat|avg speed  |path/URI\n","stream":"stdout","time":"2023-08-21T11:03:50.419620969Z"}
{"log":"======+====+===========+=======================================================\n","stream":"stdout","time":"2023-08-21T11:03:50.419625319Z"}
{"log":"bb64b0|OK  |   2.8MiB/s|/etc/listbot/iprep.yaml.bz2\n","stream":"stdout","time":"2023-08-21T11:03:50.419629176Z"}
{"log":"\n","stream":"stdout","time":"2023-08-21T11:03:50.419632989Z"}
{"log":"Status Legend:\n","stream":"stdout","time":"2023-08-21T11:03:50.419636567Z"}
{"log":"(OK):download completed.\n","stream":"stdout","time":"2023-08-21T11:03:50.419640191Z"}
{"log":"T-Pot ILM already configured or ES not available.\n","stream":"stdout","time":"2023-08-21T11:03:51.271687003Z"}
{"log":"\n","stream":"stdout","time":"2023-08-21T11:03:51.27172235Z"}
{"log":"Using bundled JDK: /usr/share/logstash/jdk\n","stream":"stdout","time":"2023-08-21T11:03:51.298164934Z"}
{"log":"WARNING: Could not find logstash.yml which is typically located in $LS_HOME/config or /etc/logstash. You can specify the path using --path.settings. Continuing using the defaults\n","stream":"stderr","time":"2023-08-21T11:04:22.806078917Z"}
{"log":"Could not find log4j2 configuration at path /usr/share/logstash/config/log4j2.properties. Using default config which logs errors to the console\n","stream":"stdout","time":"2023-08-21T11:04:22.836793158Z"}
{"log":"[INFO ] 2023-08-21 11:04:22.859 [main] runner - Starting Logstash {\"logstash.version\"=\u003e\"8.6.2\", \"jruby.version\"=\u003e\"jruby 9.3.10.0 (2.6.8) 2023-02-01 107b2e6697 OpenJDK 64-Bit Server VM 17.0.6+10 on 17.0.6+10 +indy +jit [x86_64-linux]\"}\n","stream":"stdout","time":"2023-08-21T11:04:22.865186997Z"}
{"log":"[INFO ] 2023-08-21 11:04:22.873 [main] runner - JVM bootstrap flags: [-Xms1g, -Xmx1g, -Djava.awt.headless=true, -Dfile.encoding=UTF-8, -Djruby.compile.invokedynamic=true, -XX:+HeapDumpOnOutOfMemoryError, -Djava.security.egd=file:/dev/urandom, -Dlog4j2.isThreadContextMapInheritable=true, -Xms1024m, -Xmx1024m, -Djruby.regexp.interruptible=true, -Djdk.io.File.enableADS=true, --add-exports=jdk.compiler/com.sun.tools.javac.api=ALL-UNNAMED, --add-exports=jdk.compiler/com.sun.tools.javac.file=ALL-UNNAMED, --add-exports=jdk.compiler/com.sun.tools.javac.parser=ALL-UNNAMED, --add-exports=jdk.compiler/com.sun.tools.javac.tree=ALL-UNNAMED, --add-exports=jdk.compiler/com.sun.tools.javac.util=ALL-UNNAMED, --add-opens=java.base/java.security=ALL-UNNAMED, --add-opens=java.base/java.io=ALL-UNNAMED, --add-opens=java.base/java.nio.channels=ALL-UNNAMED, --add-opens=java.base/sun.nio.ch=ALL-UNNAMED, --add-opens=java.management/sun.management=ALL-UNNAMED]\n","stream":"stdout","time":"2023-08-21T11:04:22.873757834Z"}
{"log":"[INFO ] 2023-08-21 11:04:22.894 [main] settings - Creating directory {:setting=\u003e\"path.queue\", :path=\u003e\"/usr/share/logstash/data/queue\"}\n","stream":"stdout","time":"2023-08-21T11:04:22.895534504Z"}
{"log":"[INFO ] 2023-08-21 11:04:22.898 [main] settings - Creating directory {:setting=\u003e\"path.dead_letter_queue\", :path=\u003e\"/usr/share/logstash/data/dead_letter_queue\"}\n","stream":"stdout","time":"2023-08-21T11:04:22.900727803Z"}
{"log":"[INFO ] 2023-08-21 11:04:23.484 [LogStash::Runner] agent - No persistent UUID file found. Generating new UUID {:uuid=\u003e\"cbcd9d58-eb35-4dbd-9cb1-0ec7d791143e\", :path=\u003e\"/usr/share/logstash/data/uuid\"}\n","stream":"stdout","time":"2023-08-21T11:04:23.484944693Z"}
{"log":"[INFO ] 2023-08-21 11:04:24.986 [Api Webserver] agent - Successfully started Logstash API endpoint {:port=\u003e9600, :ssl_enabled=\u003efalse}\n","stream":"stdout","time":"2023-08-21T11:04:24.987920517Z"}
{"log":"[INFO ] 2023-08-21 11:04:26.183 [Converge PipelineAction::Create\u003chttp_input\u003e] Reflections - Reflections took 468 ms to scan 1 urls, producing 127 keys and 444 values\n","stream":"stdout","time":"2023-08-21T11:04:26.184064116Z"}
{"log":"[INFO ] 2023-08-21 11:04:26.940 [Converge PipelineAction::Create\u003chttp_input\u003e] javapipeline - Pipeline `http_input` is configured with `pipeline.ecs_compatibility: disabled` setting. All plugins in this pipeline will default to `ecs_compatibility =\u003e disabled` unless explicitly configured otherwise.\n","stream":"stdout","time":"2023-08-21T11:04:26.940999951Z"}
{"log":"[INFO ] 2023-08-21 11:04:26.976 [[http_input]-pipeline-manager] elasticsearch - New Elasticsearch output {:class=\u003e\"LogStash::Outputs::ElasticSearch\", :hosts=\u003e[\"//elasticsearch:9200\"]}\n","stream":"stdout","time":"2023-08-21T11:04:26.977152255Z"}
{"log":"[INFO ] 2023-08-21 11:04:27.239 [[http_input]-pipeline-manager] elasticsearch - Elasticsearch pool URLs updated {:changes=\u003e{:removed=\u003e[], :added=\u003e[http://elasticsearch:9200/]}}\n","stream":"stdout","time":"2023-08-21T11:04:27.239783946Z"}
{"log":"[WARN ] 2023-08-21 11:04:27.589 [[http_input]-pipeline-manager] elasticsearch - Restored connection to ES instance {:url=\u003e\"http://elasticsearch:9200/\"}\n","stream":"stdout","time":"2023-08-21T11:04:27.590333538Z"}
{"log":"[INFO ] 2023-08-21 11:04:27.609 [[http_input]-pipeline-manager] elasticsearch - Elasticsearch version determined (8.6.2) {:es_version=\u003e8}\n","stream":"stdout","time":"2023-08-21T11:04:27.610162888Z"}
{"log":"[WARN ] 2023-08-21 11:04:27.610 [[http_input]-pipeline-manager] elasticsearch - Detected a 6.x and above cluster: the `type` event field won't be used to determine the document _type {:es_version=\u003e8}\n","stream":"stdout","time":"2023-08-21T11:04:27.610628705Z"}
{"log":"[INFO ] 2023-08-21 11:04:27.650 [[http_input]-pipeline-manager] elasticsearch - Not eligible for data streams because ecs_compatibility is not enabled. Elasticsearch data streams require that events adhere to the Elastic Common Schema. While `ecs_compatibility` can be set for this individual Elasticsearch output plugin, doing so will not fix schema conflicts caused by upstream plugins in your pipeline. To avoid mapping conflicts, you will need to use ECS-compatible field names and datatypes throughout your pipeline. Many plugins support an `ecs_compatibility` mode, and the `pipeline.ecs_compatibility` setting can be used to opt-in for all plugins in a pipeline. \n","stream":"stdout","time":"2023-08-21T11:04:27.650999268Z"}
{"log":"[INFO ] 2023-08-21 11:04:27.651 [[http_input]-pipeline-manager] elasticsearch - Data streams auto configuration (`data_stream =\u003e auto` or unset) resolved to `false`\n","stream":"stdout","time":"2023-08-21T11:04:27.651683578Z"}
{"log":"[INFO ] 2023-08-21 11:04:27.673 [Ruby-0-Thread-11: /usr/share/logstash/vendor/bundle/jruby/2.6.0/gems/logstash-output-elasticsearch-11.12.4-java/lib/logstash/plugin_mixins/elasticsearch/common.rb:161] elasticsearch - Using mapping template from {:path=\u003e\"/etc/logstash/tpot-template.json\"}\n","stream":"stdout","time":"2023-08-21T11:04:27.674980723Z"}
{"log":"[INFO ] 2023-08-21 11:04:27.692 [Ruby-0-Thread-11: /usr/share/logstash/vendor/bundle/jruby/2.6.0/gems/logstash-output-elasticsearch-11.12.4-java/lib/logstash/plugin_mixins/elasticsearch/common.rb:161] elasticsearch - Installing Elasticsearch template {:name=\u003e\"logstash\"}\n","stream":"stdout","time":"2023-08-21T11:04:27.693220335Z"}
{"log":"[INFO ] 2023-08-21 11:04:27.735 [[http_input]-pipeline-manager] javapipeline - Starting pipeline {:pipeline_id=\u003e\"http_input\", \"pipeline.workers\"=\u003e4, \"pipeline.batch.size\"=\u003e125, \"pipeline.batch.delay\"=\u003e50, \"pipeline.max_inflight\"=\u003e500, \"pipeline.sources\"=\u003e[\"/etc/logstash/http_input.conf\"], :thread=\u003e\"#\u003cThread:0x300f64f5@/usr/share/logstash/logstash-core/lib/logstash/java_pipeline.rb:131 run\u003e\"}\n","stream":"stdout","time":"2023-08-21T11:04:27.735969867Z"}
{"log":"[INFO ] 2023-08-21 11:04:29.071 [[http_input]-pipeline-manager] javapipeline - Pipeline Java execution initialization time {\"seconds\"=\u003e1.33}\n","stream":"stdout","time":"2023-08-21T11:04:29.072186121Z"}
{"log":"[INFO ] 2023-08-21 11:04:29.978 [[http_input]-pipeline-manager] javapipeline - Pipeline started {\"pipeline.id\"=\u003e\"http_input\"}\n","stream":"stdout","time":"2023-08-21T11:04:29.978459941Z"}
{"log":"[INFO ] 2023-08-21 11:04:29.984 [[http_input]\u003chttp] http - Starting http input listener {:address=\u003e\"0.0.0.0:64305\", :ssl=\u003e\"false\"}\n","stream":"stdout","time":"2023-08-21T11:04:29.984793067Z"}
{"log":"[INFO ] 2023-08-21 11:04:38.606 [Converge PipelineAction::Create\u003clogstash\u003e] javapipeline - Pipeline `logstash` is configured with `pipeline.ecs_compatibility: disabled` setting. All plugins in this pipeline will default to `ecs_compatibility =\u003e disabled` unless explicitly configured otherwise.\n","stream":"stdout","time":"2023-08-21T11:04:38.606920809Z"}
{"log":"[INFO ] 2023-08-21 11:04:38.644 [[logstash]-pipeline-manager] elasticsearch - New Elasticsearch output {:class=\u003e\"LogStash::Outputs::ElasticSearch\", :hosts=\u003e[\"//elasticsearch:9200\"]}\n","stream":"stdout","time":"2023-08-21T11:04:38.64552717Z"}
{"log":"[INFO ] 2023-08-21 11:04:38.660 [[logstash]-pipeline-manager] elasticsearch - Elasticsearch pool URLs updated {:changes=\u003e{:removed=\u003e[], :added=\u003e[http://elasticsearch:9200/]}}\n","stream":"stdout","time":"2023-08-21T11:04:38.661201858Z"}
{"log":"[WARN ] 2023-08-21 11:04:38.686 [[logstash]-pipeline-manager] elasticsearch - Restored connection to ES instance {:url=\u003e\"http://elasticsearch:9200/\"}\n","stream":"stdout","time":"2023-08-21T11:04:38.687258379Z"}
{"log":"[INFO ] 2023-08-21 11:04:38.700 [[logstash]-pipeline-manager] elasticsearch - Elasticsearch version determined (8.6.2) {:es_version=\u003e8}\n","stream":"stdout","time":"2023-08-21T11:04:38.701060252Z"}
{"log":"[WARN ] 2023-08-21 11:04:38.701 [[logstash]-pipeline-manager] elasticsearch - Detected a 6.x and above cluster: the `type` event field won't be used to determine the document _type {:es_version=\u003e8}\n","stream":"stdout","time":"2023-08-21T11:04:38.701291281Z"}
{"log":"[INFO ] 2023-08-21 11:04:38.714 [[logstash]-pipeline-manager] elasticsearch - Not eligible for data streams because ecs_compatibility is not enabled. Elasticsearch data streams require that events adhere to the Elastic Common Schema. While `ecs_compatibility` can be set for this individual Elasticsearch output plugin, doing so will not fix schema conflicts caused by upstream plugins in your pipeline. To avoid mapping conflicts, you will need to use ECS-compatible field names and datatypes throughout your pipeline. Many plugins support an `ecs_compatibility` mode, and the `pipeline.ecs_compatibility` setting can be used to opt-in for all plugins in a pipeline. \n","stream":"stdout","time":"2023-08-21T11:04:38.715158187Z"}
{"log":"[INFO ] 2023-08-21 11:04:38.714 [[logstash]-pipeline-manager] elasticsearch - Data streams auto configuration (`data_stream =\u003e auto` or unset) resolved to `false`\n","stream":"stdout","time":"2023-08-21T11:04:38.715291856Z"}
{"log":"[INFO ] 2023-08-21 11:04:38.735 [Ruby-0-Thread-28: /usr/share/logstash/vendor/bundle/jruby/2.6.0/gems/logstash-output-elasticsearch-11.12.4-java/lib/logstash/plugin_mixins/elasticsearch/common.rb:161] elasticsearch - Using mapping template from {:path=\u003e\"/etc/logstash/tpot-template.json\"}\n","stream":"stdout","time":"2023-08-21T11:04:38.736331548Z"}
{"log":"[INFO ] 2023-08-21 11:04:38.759 [Ruby-0-Thread-28: /usr/share/logstash/vendor/bundle/jruby/2.6.0/gems/logstash-output-elasticsearch-11.12.4-java/lib/logstash/plugin_mixins/elasticsearch/common.rb:161] elasticsearch - Installing Elasticsearch template {:name=\u003e\"logstash\"}\n","stream":"stdout","time":"2023-08-21T11:04:38.760327706Z"}
{"log":"[INFO ] 2023-08-21 11:04:41.923 [[logstash]-pipeline-manager] downloadmanager - new database version detected? true\n","stream":"stdout","time":"2023-08-21T11:04:41.923597391Z"}
{"log":"[INFO ] 2023-08-21 11:04:46.464 [[logstash]-pipeline-manager] databasemanager - By not manually configuring a database path with `database =\u003e`, you accepted and agreed MaxMind EULA. For more details please visit https://www.maxmind.com/en/geolite2/eula\n","stream":"stdout","time":"2023-08-21T11:04:46.465138467Z"}
{"log":"[INFO ] 2023-08-21 11:04:46.465 [[logstash]-pipeline-manager] geoip - Using geoip database {:path=\u003e\"/usr/share/logstash/data/plugins/filters/geoip/1692615881/GeoLite2-City.mmdb\"}\n","stream":"stdout","time":"2023-08-21T11:04:46.466058737Z"}
{"log":"[INFO ] 2023-08-21 11:04:46.470 [[logstash]-pipeline-manager] databasemanager - By not manually configuring a database path with `database =\u003e`, you accepted and agreed MaxMind EULA. For more details please visit https://www.maxmind.com/en/geolite2/eula\n","stream":"stdout","time":"2023-08-21T11:04:46.470815796Z"}
{"log":"[INFO ] 2023-08-21 11:04:46.471 [[logstash]-pipeline-manager] geoip - Using geoip database {:path=\u003e\"/usr/share/logstash/data/plugins/filters/geoip/1692615881/GeoLite2-ASN.mmdb\"}\n","stream":"stdout","time":"2023-08-21T11:04:46.471648395Z"}
{"log":"[INFO ] 2023-08-21 11:04:53.703 [[logstash]-pipeline-manager] databasemanager - By not manually configuring a database path with `database =\u003e`, you accepted and agreed MaxMind EULA. For more details please visit https://www.maxmind.com/en/geolite2/eula\n","stream":"stdout","time":"2023-08-21T11:04:53.703917355Z"}
{"log":"[INFO ] 2023-08-21 11:04:53.704 [[logstash]-pipeline-manager] geoip - Using geoip database {:path=\u003e\"/usr/share/logstash/data/plugins/filters/geoip/1692615881/GeoLite2-City.mmdb\"}\n","stream":"stdout","time":"2023-08-21T11:04:53.70437344Z"}
{"log":"[INFO ] 2023-08-21 11:04:53.705 [[logstash]-pipeline-manager] databasemanager - By not manually configuring a database path with `database =\u003e`, you accepted and agreed MaxMind EULA. For more details please visit https://www.maxmind.com/en/geolite2/eula\n","stream":"stdout","time":"2023-08-21T11:04:53.705871632Z"}
{"log":"[INFO ] 2023-08-21 11:04:53.706 [[logstash]-pipeline-manager] geoip - Using geoip database {:path=\u003e\"/usr/share/logstash/data/plugins/filters/geoip/1692615881/GeoLite2-ASN.mmdb\"}\n","stream":"stdout","time":"2023-08-21T11:04:53.706383498Z"}
{"log":"[INFO ] 2023-08-21 11:04:53.767 [[logstash]-pipeline-manager] javapipeline - Starting pipeline {:pipeline_id=\u003e\"logstash\", \"pipeline.workers\"=\u003e4, \"pipeline.batch.size\"=\u003e125, \"pipeline.batch.delay\"=\u003e50, \"pipeline.max_inflight\"=\u003e500, \"pipeline.sources\"=\u003e[\"/etc/logstash/logstash.conf\"], :thread=\u003e\"#\u003cThread:0x1b065ae1@/usr/share/logstash/logstash-core/lib/logstash/java_pipeline.rb:131 run\u003e\"}\n","stream":"stdout","time":"2023-08-21T11:04:53.767985232Z"}
{"log":"[INFO ] 2023-08-21 11:04:56.547 [[logstash]-pipeline-manager] javapipeline - Pipeline Java execution initialization time {\"seconds\"=\u003e2.78}\n","stream":"stdout","time":"2023-08-21T11:04:56.548013275Z"}
{"log":"[INFO ] 2023-08-21 11:04:56.582 [[logstash]-pipeline-manager] file - No sincedb_path set, generating one based on the \"path\" setting {:sincedb_path=\u003e\"/usr/share/logstash/data/plugins/inputs/file/.sincedb_d33b774f24f61be8d919a2012cbe9abd\", :path=\u003e[\"/data/log4pot/log/log4pot.log\"]}\n","stream":"stdout","time":"2023-08-21T11:04:56.583261724Z"}
{"log":"[INFO ] 2023-08-21 11:04:56.589 [[logstash]-pipeline-manager] file - No sincedb_path set, generating one based on the \"path\" setting {:sincedb_path=\u003e\"/usr/share/logstash/data/plugins/inputs/file/.sincedb_cc5e603411a2cb87cf3f58493e010676\", :path=\u003e[\"/data/fatt/log/fatt.log\"]}\n","stream":"stdout","time":"2023-08-21T11:04:56.590209014Z"}
{"log":"[INFO ] 2023-08-21 11:04:56.592 [[logstash]-pipeline-manager] file - No sincedb_path set, generating one based on the \"path\" setting {:sincedb_path=\u003e\"/usr/share/logstash/data/plugins/inputs/file/.sincedb_8fd3005346b9f643cbbcaa7aac8943c5\", :path=\u003e[\"/data/dicompot/log/dicompot.log\"]}\n","stream":"stdout","time":"2023-08-21T11:04:56.59313228Z"}
{"log":"[INFO ] 2023-08-21 11:04:56.595 [[logstash]-pipeline-manager] file - No sincedb_path set, generating one based on the \"path\" setting {:sincedb_path=\u003e\"/usr/share/logstash/data/plugins/inputs/file/.sincedb_6b32952db7d4ce2293515b24646e9124\", :path=\u003e[\"/data/nginx/log/access.log\"]}\n","stream":"stdout","time":"2023-08-21T11:04:56.596050377Z"}
{"log":"[INFO ] 2023-08-21 11:04:56.598 [[logstash]-pipeline-manager] file - No sincedb_path set, generating one based on the \"path\" setting {:sincedb_path=\u003e\"/usr/share/logstash/data/plugins/inputs/file/.sincedb_995e5329a4b9fe42dd94767ef9823d8f\", :path=\u003e[\"/data/redishoneypot/log/redishoneypot.log\"]}\n","stream":"stdout","time":"2023-08-21T11:04:56.59868677Z"}
{"log":"[INFO ] 2023-08-21 11:04:56.600 [[logstash]-pipeline-manager] file - No sincedb_path set, generating one based on the \"path\" setting {:sincedb_path=\u003e\"/usr/share/logstash/data/plugins/inputs/file/.sincedb_bc3783e780f8e9480857e9d04717ef7f\", :path=\u003e[\"/data/honeypots/log/*.log\"]}\n","stream":"stdout","time":"2023-08-21T11:04:56.601193958Z"}
{"log":"[INFO ] 2023-08-21 11:04:56.604 [[logstash]-pipeline-manager] file - No sincedb_path set, generating one based on the \"path\" setting {:sincedb_path=\u003e\"/usr/share/logstash/data/plugins/inputs/file/.sincedb_cb0a7058a1c046ef5aa0e7a86c033ab1\", :path=\u003e[\"/data/citrixhoneypot/logs/server.log\"]}\n","stream":"stdout","time":"2023-08-21T11:04:56.604978368Z"}
{"log":"[INFO ] 2023-08-21 11:04:56.611 [[logstash]-pipeline-manager] file - No sincedb_path set, generating one based on the \"path\" setting {:sincedb_path=\u003e\"/usr/share/logstash/data/plugins/inputs/file/.sincedb_42bde8dd174eb2012ccaedcd320d8b1f\", :path=\u003e[\"/data/dionaea/log/dionaea.json\"]}\n","stream":"stdout","time":"2023-08-21T11:04:56.611775598Z"}
{"log":"[INFO ] 2023-08-21 11:04:56.615 [[logstash]-pipeline-manager] file - No sincedb_path set, generating one based on the \"path\" setting {:sincedb_path=\u003e\"/usr/share/logstash/data/plugins/inputs/file/.sincedb_74242023f3037eec395f8e8f6740c1c1\", :path=\u003e[\"/data/medpot/log/medpot.log\"]}\n","stream":"stdout","time":"2023-08-21T11:04:56.616257321Z"}
{"log":"[INFO ] 2023-08-21 11:04:56.620 [[logstash]-pipeline-manager] file - No sincedb_path set, generating one based on the \"path\" setting {:sincedb_path=\u003e\"/usr/share/logstash/data/plugins/inputs/file/.sincedb_d7f6db101f39dd3bc7af0869e32d632e\", :path=\u003e[\"/data/suricata/log/eve.json\"]}\n","stream":"stdout","time":"2023-08-21T11:04:56.620546033Z"}
{"log":"[INFO ] 2023-08-21 11:04:56.628 [[logstash]-pipeline-manager] file - No sincedb_path set, generating one based on the \"path\" setting {:sincedb_path=\u003e\"/usr/share/logstash/data/plugins/inputs/file/.sincedb_ffebddcd4a749032e3c9bdabe6f463a7\", :path=\u003e[\"/data/sentrypeer/log/sentrypeer.json\"]}\n","stream":"stdout","time":"2023-08-21T11:04:56.629291245Z"}
{"log":"[INFO ] 2023-08-21 11:04:56.632 [[logstash]-pipeline-manager] file - No sincedb_path set, generating one based on the \"path\" setting {:sincedb_path=\u003e\"/usr/share/logstash/data/plugins/inputs/file/.sincedb_aed504a38d7c2fc586f841c2690983f5\", :path=\u003e[\"/data/glutton/log/glutton.log\"]}\n","stream":"stdout","time":"2023-08-21T11:04:56.633288311Z"}
{"log":"[INFO ] 2023-08-21 11:04:56.636 [[logstash]-pipeline-manager] file - No sincedb_path set, generating one based on the \"path\" setting {:sincedb_path=\u003e\"/usr/share/logstash/data/plugins/inputs/file/.sincedb_986ec081f66fb23ed69e7fa55ee8f61f\", :path=\u003e[\"/data/elasticpot/log/elasticpot.json\"]}\n","stream":"stdout","time":"2023-08-21T11:04:56.636770599Z"}
{"log":"[INFO ] 2023-08-21 11:04:56.643 [[logstash]-pipeline-manager] file - No sincedb_path set, generating one based on the \"path\" setting {:sincedb_path=\u003e\"/usr/share/logstash/data/plugins/inputs/file/.sincedb_9c9181627777bac1d8dedabee7e99a19\", :path=\u003e[\"/data/honeytrap/log/attackers.json\"]}\n","stream":"stdout","time":"2023-08-21T11:04:56.643670034Z"}
{"log":"[INFO ] 2023-08-21 11:04:56.646 [[logstash]-pipeline-manager] file - No sincedb_path set, generating one based on the \"path\" setting {:sincedb_path=\u003e\"/usr/share/logstash/data/plugins/inputs/file/.sincedb_9b0b8f934f6f0765fe575fa0d2057b19\", :path=\u003e[\"/data/ddospot/log/*.log\"]}\n","stream":"stdout","time":"2023-08-21T11:04:56.646774028Z"}
{"log":"[INFO ] 2023-08-21 11:04:56.649 [[logstash]-pipeline-manager] file - No sincedb_path set, generating one based on the \"path\" setting {:sincedb_path=\u003e\"/usr/share/logstash/data/plugins/inputs/file/.sincedb_7d325a88d98de788a92d4e863363ac5b\", :path=\u003e[\"/data/endlessh/log/endlessh.log\"]}\n","stream":"stdout","time":"2023-08-21T11:04:56.649812139Z"}
{"log":"[INFO ] 2023-08-21 11:04:56.652 [[logstash]-pipeline-manager] file - No sincedb_path set, generating one based on the \"path\" setting {:sincedb_path=\u003e\"/usr/share/logstash/data/plugins/inputs/file/.sincedb_0be0aff8c4d7ed0edd704305e069a3f1\", :path=\u003e[\"/data/hellpot/log/hellpot.log\"]}\n","stream":"stdout","time":"2023-08-21T11:04:56.65286637Z"}
{"log":"[INFO ] 2023-08-21 11:04:56.655 [[logstash]-pipeline-manager] file - No sincedb_path set, generating one based on the \"path\" setting {:sincedb_path=\u003e\"/usr/share/logstash/data/plugins/inputs/file/.sincedb_68c271f21bee8a287cb907502c9137e6\", :path=\u003e[\"/data/ipphoney/log/ipphoney.json\"]}\n","stream":"stdout","time":"2023-08-21T11:04:56.65567515Z"}
{"log":"[INFO ] 2023-08-21 11:04:56.660 [[logstash]-pipeline-manager] file - No sincedb_path set, generating one based on the \"path\" setting {:sincedb_path=\u003e\"/usr/share/logstash/data/plugins/inputs/file/.sincedb_eb16d0b601e0d213c6e754929e511031\", :path=\u003e[\"/data/heralding/log/auth.csv\"]}\n","stream":"stdout","time":"2023-08-21T11:04:56.661666168Z"}
{"log":"[INFO ] 2023-08-21 11:04:56.665 [[logstash]-pipeline-manager] file - No sincedb_path set, generating one based on the \"path\" setting {:sincedb_path=\u003e\"/usr/share/logstash/data/plugins/inputs/file/.sincedb_557975a3dcea1b8623e0586baddbccb1\", :path=\u003e[\"/data/conpot/log/*.json\"]}\n","stream":"stdout","time":"2023-08-21T11:04:56.665862174Z"}
{"log":"[INFO ] 2023-08-21 11:04:56.668 [[logstash]-pipeline-manager] file - No sincedb_path set, generating one based on the \"path\" setting {:sincedb_path=\u003e\"/usr/share/logstash/data/plugins/inputs/file/.sincedb_0c047838183ad567bc5704e2e098d4e3\", :path=\u003e[\"/data/ciscoasa/log/ciscoasa.log\"]}\n","stream":"stdout","time":"2023-08-21T11:04:56.668773717Z"}
{"log":"[INFO ] 2023-08-21 11:04:56.671 [[logstash]-pipeline-manager] file - No sincedb_path set, generating one based on the \"path\" setting {:sincedb_path=\u003e\"/usr/share/logstash/data/plugins/inputs/file/.sincedb_f479bb3e1164e1f7606aba5fc0416289\", :path=\u003e[\"/data/mailoney/log/commands.log\"]}\n","stream":"stdout","time":"2023-08-21T11:04:56.67183119Z"}
{"log":"[INFO ] 2023-08-21 11:04:56.674 [[logstash]-pipeline-manager] file - No sincedb_path set, generating one based on the \"path\" setting {:sincedb_path=\u003e\"/usr/share/logstash/data/plugins/inputs/file/.sincedb_1026fa2fde81810a4e5056140cc7568d\", :path=\u003e[\"/data/p0f/log/p0f.json\"]}\n","stream":"stdout","time":"2023-08-21T11:04:56.674791146Z"}
{"log":"[INFO ] 2023-08-21 11:04:56.677 [[logstash]-pipeline-manager] file - No sincedb_path set, generating one based on the \"path\" setting {:sincedb_path=\u003e\"/usr/share/logstash/data/plugins/inputs/file/.sincedb_9cabca542263e0829385b1a1f64c2cdc\", :path=\u003e[\"/data/tanner/log/tanner_report.json\"]}\n","stream":"stdout","time":"2023-08-21T11:04:56.67739266Z"}
{"log":"[INFO ] 2023-08-21 11:04:56.680 [[logstash]-pipeline-manager] file - No sincedb_path set, generating one based on the \"path\" setting {:sincedb_path=\u003e\"/usr/share/logstash/data/plugins/inputs/file/.sincedb_d53ab0da823a69e98a460497444fada0\", :path=\u003e[\"/data/adbhoney/log/adbhoney.json\"]}\n","stream":"stdout","time":"2023-08-21T11:04:56.681074289Z"}
{"log":"[INFO ] 2023-08-21 11:04:56.683 [[logstash]-pipeline-manager] file - No sincedb_path set, generating one based on the \"path\" setting {:sincedb_path=\u003e\"/usr/share/logstash/data/plugins/inputs/file/.sincedb_86714a3f24339ae572d6101984ae14df\", :path=\u003e[\"/data/cowrie/log/cowrie.json\"]}\n","stream":"stdout","time":"2023-08-21T11:04:56.684038688Z"}
{"log":"[INFO ] 2023-08-21 11:04:56.688 [[logstash]\u003cfile] observingtail - START, creating Discoverer, Watch with file and sincedb collections\n","stream":"stdout","time":"2023-08-21T11:04:56.689084793Z"}
{"log":"[INFO ] 2023-08-21 11:04:56.688 [[logstash]\u003cfile] observingtail - START, creating Discoverer, Watch with file and sincedb collections\n","stream":"stdout","time":"2023-08-21T11:04:56.696506234Z"}
{"log":"[INFO ] 2023-08-21 11:04:56.698 [[logstash]\u003cfile] observingtail - START, creating Discoverer, Watch with file and sincedb collections\n","stream":"stdout","time":"2023-08-21T11:04:56.699361834Z"}
{"log":"[INFO ] 2023-08-21 11:04:56.711 [[logstash]\u003cfile] observingtail - START, creating Discoverer, Watch with file and sincedb collections\n","stream":"stdout","time":"2023-08-21T11:04:56.712290864Z"}
{"log":"[INFO ] 2023-08-21 11:04:56.719 [[logstash]\u003cfile] observingtail - START, creating Discoverer, Watch with file and sincedb collections\n","stream":"stdout","time":"2023-08-21T11:04:56.720083896Z"}
{"log":"[INFO ] 2023-08-21 11:04:56.729 [[logstash]\u003cfile] observingtail - START, creating Discoverer, Watch with file and sincedb collections\n","stream":"stdout","time":"2023-08-21T11:04:56.730333719Z"}
{"log":"[INFO ] 2023-08-21 11:04:56.732 [[logstash]\u003cfile] observingtail - START, creating Discoverer, Watch with file and sincedb collections\n","stream":"stdout","time":"2023-08-21T11:04:56.733048077Z"}
{"log":"[INFO ] 2023-08-21 11:04:56.732 [[logstash]\u003cfile] observingtail - START, creating Discoverer, Watch with file and sincedb collections\n","stream":"stdout","time":"2023-08-21T11:04:56.735297053Z"}
{"log":"[INFO ] 2023-08-21 11:04:56.744 [[logstash]\u003cfile] observingtail - START, creating Discoverer, Watch with file and sincedb collections\n","stream":"stdout","time":"2023-08-21T11:04:56.744728886Z"}
{"log":"[INFO ] 2023-08-21 11:04:56.755 [[logstash]\u003cfile] observingtail - START, creating Discoverer, Watch with file and sincedb collections\n","stream":"stdout","time":"2023-08-21T11:04:56.756619253Z"}
{"log":"[INFO ] 2023-08-21 11:04:56.764 [[logstash]\u003cfile] observingtail - START, creating Discoverer, Watch with file and sincedb collections\n","stream":"stdout","time":"2023-08-21T11:04:56.765341255Z"}
{"log":"[INFO ] 2023-08-21 11:04:56.770 [[logstash]\u003cfile] observingtail - START, creating Discoverer, Watch with file and sincedb collections\n","stream":"stdout","time":"2023-08-21T11:04:56.771411929Z"}
{"log":"[INFO ] 2023-08-21 11:04:56.773 [[logstash]\u003cfile] observingtail - START, creating Discoverer, Watch with file and sincedb collections\n","stream":"stdout","time":"2023-08-21T11:04:56.774467462Z"}
{"log":"[INFO ] 2023-08-21 11:04:56.781 [[logstash]\u003cfile] observingtail - START, creating Discoverer, Watch with file and sincedb collections\n","stream":"stdout","time":"2023-08-21T11:04:56.781682233Z"}
{"log":"[INFO ] 2023-08-21 11:04:56.787 [[logstash]\u003cfile] observingtail - START, creating Discoverer, Watch with file and sincedb collections\n","stream":"stdout","time":"2023-08-21T11:04:56.787672251Z"}
{"log":"[INFO ] 2023-08-21 11:04:56.789 [[logstash]\u003cfile] observingtail - START, creating Discoverer, Watch with file and sincedb collections\n","stream":"stdout","time":"2023-08-21T11:04:56.789849425Z"}
{"log":"[INFO ] 2023-08-21 11:04:56.790 [[logstash]\u003cfile] observingtail - START, creating Discoverer, Watch with file and sincedb collections\n","stream":"stdout","time":"2023-08-21T11:04:56.790636604Z"}
{"log":"[INFO ] 2023-08-21 11:04:56.793 [[logstash]\u003cfile] observingtail - START, creating Discoverer, Watch with file and sincedb collections\n","stream":"stdout","time":"2023-08-21T11:04:56.794085044Z"}
{"log":"[INFO ] 2023-08-21 11:04:56.808 [[logstash]\u003cfile] observingtail - START, creating Discoverer, Watch with file and sincedb collections\n","stream":"stdout","time":"2023-08-21T11:04:56.809377979Z"}
{"log":"[INFO ] 2023-08-21 11:04:56.811 [[logstash]\u003cfile] observingtail - START, creating Discoverer, Watch with file and sincedb collections\n","stream":"stdout","time":"2023-08-21T11:04:56.812088201Z"}
{"log":"[INFO ] 2023-08-21 11:04:56.815 [[logstash]\u003cfile] observingtail - START, creating Discoverer, Watch with file and sincedb collections\n","stream":"stdout","time":"2023-08-21T11:04:56.815846491Z"}
{"log":"[INFO ] 2023-08-21 11:04:56.827 [[logstash]\u003cfile] observingtail - START, creating Discoverer, Watch with file and sincedb collections\n","stream":"stdout","time":"2023-08-21T11:04:56.828595107Z"}
{"log":"[INFO ] 2023-08-21 11:04:56.835 [[logstash]\u003cfile] observingtail - START, creating Discoverer, Watch with file and sincedb collections\n","stream":"stdout","time":"2023-08-21T11:04:56.835781119Z"}
{"log":"[INFO ] 2023-08-21 11:04:56.837 [[logstash]\u003cfile] observingtail - START, creating Discoverer, Watch with file and sincedb collections\n","stream":"stdout","time":"2023-08-21T11:04:56.838215283Z"}
{"log":"[INFO ] 2023-08-21 11:04:56.839 [[logstash]\u003cfile] observingtail - START, creating Discoverer, Watch with file and sincedb collections\n","stream":"stdout","time":"2023-08-21T11:04:56.83951848Z"}
{"log":"[INFO ] 2023-08-21 11:04:56.851 [[logstash]-pipeline-manager] javapipeline - Pipeline started {\"pipeline.id\"=\u003e\"logstash\"}\n","stream":"stdout","time":"2023-08-21T11:04:56.8519406Z"}
{"log":"[INFO ] 2023-08-21 11:04:56.863 [[logstash]\u003cfile] observingtail - START, creating Discoverer, Watch with file and sincedb collections\n","stream":"stdout","time":"2023-08-21T11:04:56.864241221Z"}
{"log":"[INFO ] 2023-08-21 11:04:56.865 [Agent thread] agent - Pipelines running {:count=\u003e2, :running_pipelines=\u003e[:http_input, :logstash], :non_running_pipelines=\u003e[]}\n","stream":"stdout","time":"2023-08-21T11:04:56.868673927Z"}
