{"log":"[2023-08-21T11:03:54.074+00:00][INFO ][node] Kibana process configured with roles: [background_tasks, ui]\n","stream":"stdout","time":"2023-08-21T11:03:54.259300825Z"}
{"log":"[2023-08-21T11:04:26.620+00:00][INFO ][plugins-service] Plugin \"cloudChat\" is disabled.\n","stream":"stdout","time":"2023-08-21T11:04:26.796983612Z"}
{"log":"[2023-08-21T11:04:26.620+00:00][INFO ][plugins-service] Plugin \"cloudExperiments\" is disabled.\n","stream":"stdout","time":"2023-08-21T11:04:26.798530649Z"}
{"log":"[2023-08-21T11:04:26.620+00:00][INFO ][plugins-service] Plugin \"cloudFullStory\" is disabled.\n","stream":"stdout","time":"2023-08-21T11:04:26.799270662Z"}
{"log":"[2023-08-21T11:04:26.620+00:00][INFO ][plugins-service] Plugin \"cloudGainsight\" is disabled.\n","stream":"stdout","time":"2023-08-21T11:04:26.800311458Z"}
{"log":"[2023-08-21T11:04:26.650+00:00][INFO ][plugins-service] Plugin \"profiling\" is disabled.\n","stream":"stdout","time":"2023-08-21T11:04:26.800979955Z"}
{"log":"[2023-08-21T11:04:26.801+00:00][INFO ][http.server.Preboot] http server running at http://0.0.0.0:5601\n","stream":"stdout","time":"2023-08-21T11:04:26.802070933Z"}
{"log":"[2023-08-21T11:04:26.912+00:00][INFO ][plugins-system.preboot] Setting up [1] plugins: [interactiveSetup]\n","stream":"stdout","time":"2023-08-21T11:04:26.913159888Z"}
{"log":"[2023-08-21T11:04:26.978+00:00][WARN ][config.deprecation] You should set server.basePath along with server.rewriteBasePath. Starting in 7.0, Kibana will expect that all requests start with server.basePath rather than expecting you to rewrite the requests in your reverse proxy. Set server.rewriteBasePath to false to preserve the current behavior and silence this warning.\n","stream":"stdout","time":"2023-08-21T11:04:26.978841426Z"}
{"log":"[2023-08-21T11:04:26.979+00:00][WARN ][config.deprecation] Setting \"kibana.autocompleteTerminateAfter\" has been replaced by \"unifiedSearch.autocomplete.valueSuggestions.terminateAfter\"\n","stream":"stdout","time":"2023-08-21T11:04:26.97984385Z"}
{"log":"[2023-08-21T11:04:26.986+00:00][WARN ][config.deprecation] Setting \"kibana.autocompleteTimeout\" has been replaced by \"unifiedSearch.autocomplete.valueSuggestions.timeout\"\n","stream":"stdout","time":"2023-08-21T11:04:26.986937568Z"}
{"log":"[2023-08-21T11:04:27.398+00:00][INFO ][plugins-system.standard] Setting up [127] plugins: [translations,monitoringCollection,licensing,globalSearch,globalSearchProviders,features,mapsEms,licenseApiGuard,usageCollection,taskManager,cloud,guidedOnboarding,telemetryCollectionManager,telemetryCollectionXpack,kibanaUsageCollection,share,screenshotMode,banners,newsfeed,fieldFormats,expressions,screenshotting,dataViews,embeddable,uiActionsEnhanced,charts,esUiShared,customIntegrations,home,searchprofiler,painlessLab,grokdebugger,management,advancedSettings,spaces,security,snapshotRestore,lists,encryptedSavedObjects,telemetry,licenseManagement,files,eventLog,actions,notifications,console,bfetch,data,watcher,reporting,fileUpload,ingestPipelines,alerting,unifiedSearch,unifiedFieldList,savedSearch,savedObjects,graph,savedObjectsTagging,savedObjectsManagement,presentationUtil,expressionShape,expressionRevealImage,expressionRepeatImage,expressionMetric,expressionImage,controls,eventAnnotation,dataViewFieldEditor,triggersActionsUi,transform,stackConnectors,stackAlerts,ruleRegistry,discover,fleet,indexManagement,remoteClusters,crossClusterReplication,indexLifecycleManagement,cloudSecurityPosture,discoverEnhanced,visualizations,canvas,visTypeXy,visTypeVislib,visTypeVega,visTypeTimeseries,rollup,visTypeTimelion,visTypeTagcloud,visTypeTable,visTypeMetric,visTypeHeatmap,visTypeMarkdown,dashboard,dashboardEnhanced,expressionXY,expressionTagcloud,expressionPartitionVis,visTypePie,expressionMetricVis,expressionLegacyMetricVis,expressionHeatmap,expressionGauge,lens,maps,dataVisualizer,cases,timelines,sessionView,kubernetesSecurity,threatIntelligence,osquery,observability,aiops,ml,synthetics,securitySolution,infra,upgradeAssistant,monitoring,logstash,enterpriseSearch,apm,visTypeGauge,dataViewManagement]\n","stream":"stdout","time":"2023-08-21T11:04:27.39867159Z"}
{"log":"[2023-08-21T11:04:27.429+00:00][INFO ][plugins.taskManager] TaskManager is identified by the Kibana UUID: f058808e-0728-47bb-9580-96a3a3357aee\n","stream":"stdout","time":"2023-08-21T11:04:27.429781242Z"}
{"log":"[2023-08-21T11:04:27.576+00:00][WARN ][plugins.security.config] Generating a random key for xpack.security.encryptionKey. To prevent sessions from being invalidated on restart, please set xpack.security.encryptionKey in the kibana.yml or use the bin/kibana-encryption-keys command.\n","stream":"stdout","time":"2023-08-21T11:04:27.577242697Z"}
{"log":"[2023-08-21T11:04:27.577+00:00][WARN ][plugins.security.config] Session cookies will be transmitted over insecure connections. This is not recommended.\n","stream":"stdout","time":"2023-08-21T11:04:27.578240858Z"}
{"log":"[2023-08-21T11:04:27.618+00:00][WARN ][plugins.security.config] Generating a random key for xpack.security.encryptionKey. To prevent sessions from being invalidated on restart, please set xpack.security.encryptionKey in the kibana.yml or use the bin/kibana-encryption-keys command.\n","stream":"stdout","time":"2023-08-21T11:04:27.618603282Z"}
{"log":"[2023-08-21T11:04:27.618+00:00][WARN ][plugins.security.config] Session cookies will be transmitted over insecure connections. This is not recommended.\n","stream":"stdout","time":"2023-08-21T11:04:27.619143462Z"}
{"log":"[2023-08-21T11:04:27.632+00:00][WARN ][plugins.encryptedSavedObjects] Saved objects encryption key is not set. This will severely limit Kibana functionality. Please set xpack.encryptedSavedObjects.encryptionKey in the kibana.yml or use the bin/kibana-encryption-keys command.\n","stream":"stdout","time":"2023-08-21T11:04:27.633238463Z"}
{"log":"[2023-08-21T11:04:27.652+00:00][WARN ][plugins.actions] APIs are disabled because the Encrypted Saved Objects plugin is missing encryption key. Please set xpack.encryptedSavedObjects.encryptionKey in the kibana.yml or use the bin/kibana-encryption-keys command.\n","stream":"stdout","time":"2023-08-21T11:04:27.652522934Z"}
{"log":"[2023-08-21T11:04:27.674+00:00][INFO ][plugins.notifications] Email Service Error: Email connector not specified.\n","stream":"stdout","time":"2023-08-21T11:04:27.67495459Z"}
{"log":"[2023-08-21T11:04:27.892+00:00][WARN ][plugins.reporting.config] Generating a random key for xpack.reporting.encryptionKey. To prevent sessions from being invalidated on restart, please set xpack.reporting.encryptionKey in the kibana.yml or use the bin/kibana-encryption-keys command.\n","stream":"stdout","time":"2023-08-21T11:04:27.892701605Z"}
{"log":"[2023-08-21T11:04:27.894+00:00][WARN ][plugins.reporting.config] Found 'server.host: \"0.0.0.0\"' in Kibana configuration. Reporting is not able to use this as the Kibana server hostname. To enable PNG/PDF Reporting to work, 'xpack.reporting.kibanaServer.hostname: localhost' is automatically set in the configuration. You can prevent this message by adding 'xpack.reporting.kibanaServer.hostname: localhost' in kibana.yml.\n","stream":"stdout","time":"2023-08-21T11:04:27.894539893Z"}
{"log":"[2023-08-21T11:04:27.902+00:00][WARN ][plugins.alerting] APIs are disabled because the Encrypted Saved Objects plugin is missing encryption key. Please set xpack.encryptedSavedObjects.encryptionKey in the kibana.yml or use the bin/kibana-encryption-keys command.\n","stream":"stdout","time":"2023-08-21T11:04:27.902811455Z"}
{"log":"[2023-08-21T11:04:27.970+00:00][INFO ][plugins.ruleRegistry] Installing common resources shared between all indices\n","stream":"stdout","time":"2023-08-21T11:04:27.970544499Z"}
{"log":"[2023-08-21T11:04:28.044+00:00][INFO ][plugins.cloudSecurityPosture] Registered task successfully [Task: cloud_security_posture-stats_task]\n","stream":"stdout","time":"2023-08-21T11:04:28.04472032Z"}
{"log":"[2023-08-21T11:04:29.094+00:00][INFO ][plugins.screenshotting.config] Chromium sandbox provides an additional layer of protection, and is supported for Linux Ubuntu 22.04 OS. Automatically enabling Chromium sandbox.\n","stream":"stdout","time":"2023-08-21T11:04:29.095213964Z"}
{"log":"[2023-08-21T11:04:29.511+00:00][INFO ][savedobjects-service] Waiting until all Elasticsearch nodes are compatible with Kibana before starting saved objects migrations...\n","stream":"stdout","time":"2023-08-21T11:04:29.512429631Z"}
{"log":"[2023-08-21T11:04:29.513+00:00][INFO ][savedobjects-service] Starting saved objects migrations\n","stream":"stdout","time":"2023-08-21T11:04:29.513551596Z"}
{"log":"[2023-08-21T11:04:29.601+00:00][INFO ][savedobjects-service] [.kibana] INIT -\u003e OUTDATED_DOCUMENTS_SEARCH_OPEN_PIT. took: 51ms.\n","stream":"stdout","time":"2023-08-21T11:04:29.60206873Z"}
{"log":"[2023-08-21T11:04:29.606+00:00][INFO ][savedobjects-service] [.kibana_task_manager] INIT -\u003e OUTDATED_DOCUMENTS_SEARCH_OPEN_PIT. took: 49ms.\n","stream":"stdout","time":"2023-08-21T11:04:29.607092656Z"}
{"log":"[2023-08-21T11:04:29.624+00:00][INFO ][savedobjects-service] [.kibana] OUTDATED_DOCUMENTS_SEARCH_OPEN_PIT -\u003e OUTDATED_DOCUMENTS_SEARCH_READ. took: 22ms.\n","stream":"stdout","time":"2023-08-21T11:04:29.624510706Z"}
{"log":"[2023-08-21T11:04:29.630+00:00][INFO ][savedobjects-service] [.kibana_task_manager] OUTDATED_DOCUMENTS_SEARCH_OPEN_PIT -\u003e OUTDATED_DOCUMENTS_SEARCH_READ. took: 24ms.\n","stream":"stdout","time":"2023-08-21T11:04:29.630900752Z"}
{"log":"[2023-08-21T11:04:29.786+00:00][INFO ][savedobjects-service] [.kibana_task_manager] OUTDATED_DOCUMENTS_SEARCH_READ -\u003e OUTDATED_DOCUMENTS_SEARCH_CLOSE_PIT. took: 156ms.\n","stream":"stdout","time":"2023-08-21T11:04:29.786577211Z"}
{"log":"[2023-08-21T11:04:29.805+00:00][INFO ][savedobjects-service] [.kibana_task_manager] OUTDATED_DOCUMENTS_SEARCH_CLOSE_PIT -\u003e CHECK_TARGET_MAPPINGS. took: 19ms.\n","stream":"stdout","time":"2023-08-21T11:04:29.80556006Z"}
{"log":"[2023-08-21T11:04:29.806+00:00][INFO ][savedobjects-service] [.kibana_task_manager] CHECK_TARGET_MAPPINGS -\u003e CHECK_VERSION_INDEX_READY_ACTIONS. took: 1ms.\n","stream":"stdout","time":"2023-08-21T11:04:29.807057298Z"}
{"log":"[2023-08-21T11:04:29.807+00:00][INFO ][savedobjects-service] [.kibana_task_manager] CHECK_VERSION_INDEX_READY_ACTIONS -\u003e DONE. took: 1ms.\n","stream":"stdout","time":"2023-08-21T11:04:29.807924681Z"}
{"log":"[2023-08-21T11:04:29.808+00:00][INFO ][savedobjects-service] [.kibana_task_manager] Migration completed after 251ms\n","stream":"stdout","time":"2023-08-21T11:04:29.808438304Z"}
{"log":"[2023-08-21T11:04:29.841+00:00][INFO ][savedobjects-service] [.kibana] OUTDATED_DOCUMENTS_SEARCH_READ -\u003e OUTDATED_DOCUMENTS_SEARCH_CLOSE_PIT. took: 218ms.\n","stream":"stdout","time":"2023-08-21T11:04:29.841837155Z"}
{"log":"[2023-08-21T11:04:29.850+00:00][INFO ][savedobjects-service] [.kibana] OUTDATED_DOCUMENTS_SEARCH_CLOSE_PIT -\u003e CHECK_TARGET_MAPPINGS. took: 9ms.\n","stream":"stdout","time":"2023-08-21T11:04:29.850530634Z"}
{"log":"[2023-08-21T11:04:29.851+00:00][INFO ][savedobjects-service] [.kibana] CHECK_TARGET_MAPPINGS -\u003e CHECK_VERSION_INDEX_READY_ACTIONS. took: 1ms.\n","stream":"stdout","time":"2023-08-21T11:04:29.851486721Z"}
{"log":"[2023-08-21T11:04:29.852+00:00][INFO ][savedobjects-service] [.kibana] CHECK_VERSION_INDEX_READY_ACTIONS -\u003e DONE. took: 1ms.\n","stream":"stdout","time":"2023-08-21T11:04:29.852528933Z"}
{"log":"[2023-08-21T11:04:29.852+00:00][INFO ][savedobjects-service] [.kibana] Migration completed after 302ms\n","stream":"stdout","time":"2023-08-21T11:04:29.852988106Z"}
{"log":"[2023-08-21T11:04:29.860+00:00][INFO ][plugins-system.preboot] Stopping all plugins.\n","stream":"stdout","time":"2023-08-21T11:04:29.860890188Z"}
{"log":"[2023-08-21T11:04:29.862+00:00][INFO ][plugins-system.standard] Starting [127] plugins: [translations,monitoringCollection,licensing,globalSearch,globalSearchProviders,features,mapsEms,licenseApiGuard,usageCollection,taskManager,cloud,guidedOnboarding,telemetryCollectionManager,telemetryCollectionXpack,kibanaUsageCollection,share,screenshotMode,banners,newsfeed,fieldFormats,expressions,screenshotting,dataViews,embeddable,uiActionsEnhanced,charts,esUiShared,customIntegrations,home,searchprofiler,painlessLab,grokdebugger,management,advancedSettings,spaces,security,snapshotRestore,lists,encryptedSavedObjects,telemetry,licenseManagement,files,eventLog,actions,notifications,console,bfetch,data,watcher,reporting,fileUpload,ingestPipelines,alerting,unifiedSearch,unifiedFieldList,savedSearch,savedObjects,graph,savedObjectsTagging,savedObjectsManagement,presentationUtil,expressionShape,expressionRevealImage,expressionRepeatImage,expressionMetric,expressionImage,controls,eventAnnotation,dataViewFieldEditor,triggersActionsUi,transform,stackConnectors,stackAlerts,ruleRegistry,discover,fleet,indexManagement,remoteClusters,crossClusterReplication,indexLifecycleManagement,cloudSecurityPosture,discoverEnhanced,visualizations,canvas,visTypeXy,visTypeVislib,visTypeVega,visTypeTimeseries,rollup,visTypeTimelion,visTypeTagcloud,visTypeTable,visTypeMetric,visTypeHeatmap,visTypeMarkdown,dashboard,dashboardEnhanced,expressionXY,expressionTagcloud,expressionPartitionVis,visTypePie,expressionMetricVis,expressionLegacyMetricVis,expressionHeatmap,expressionGauge,lens,maps,dataVisualizer,cases,timelines,sessionView,kubernetesSecurity,threatIntelligence,osquery,observability,aiops,ml,synthetics,securitySolution,infra,upgradeAssistant,monitoring,logstash,enterpriseSearch,apm,visTypeGauge,dataViewManagement]\n","stream":"stdout","time":"2023-08-21T11:04:29.862689172Z"}
{"log":"[2023-08-21T11:04:32.609+00:00][INFO ][plugins.fleet] Task Fleet-Usage-Sender-1.1.0 scheduled with interval 1h\n","stream":"stdout","time":"2023-08-21T11:04:32.610232472Z"}
{"log":"[2023-08-21T11:04:32.683+00:00][INFO ][plugins.monitoring.monitoring] config sourced from: production cluster\n","stream":"stdout","time":"2023-08-21T11:04:32.683842935Z"}
{"log":"[2023-08-21T11:04:35.978+00:00][INFO ][http.server.Kibana] http server running at http://0.0.0.0:5601\n","stream":"stdout","time":"2023-08-21T11:04:35.979343013Z"}
{"log":"[2023-08-21T11:04:36.044+00:00][INFO ][plugins.fleet] Task Fleet-Usage-Logger-Task scheduled with interval 15m\n","stream":"stdout","time":"2023-08-21T11:04:36.045433696Z"}
{"log":"[2023-08-21T11:04:36.072+00:00][INFO ][status] Kibana is now degraded\n","stream":"stdout","time":"2023-08-21T11:04:36.074182005Z"}
{"log":"[2023-08-21T11:04:36.230+00:00][INFO ][plugins.monitoring.monitoring.kibana-monitoring] Starting monitoring stats collection\n","stream":"stdout","time":"2023-08-21T11:04:36.272684842Z"}
{"log":"[2023-08-21T11:04:36.384+00:00][ERROR][plugins.ml] Error Initializing ML saved objects {\"name\":\"ResponseError\",\"meta\":{\"body\":{\"error\":\"Incorrect HTTP method for uri [/_ml/anomaly_detectors] and method [GET], allowed: [POST]\",\"status\":405},\"statusCode\":405,\"headers\":{\"x-opaque-id\":\"unknownId\",\"allow\":\"POST\",\"x-elastic-product\":\"Elasticsearch\",\"content-type\":\"application/json\",\"content-length\":\"113\"},\"meta\":{\"context\":null,\"request\":{\"params\":{\"method\":\"GET\",\"path\":\"/_ml/anomaly_detectors\",\"querystring\":\"\",\"headers\":{\"user-agent\":\"Kibana/8.6.2\",\"x-elastic-product-origin\":\"kibana\",\"x-elastic-client-meta\":\"es=8.4.0p,js=16.18.1,t=8.2.0,hc=16.18.1\",\"x-opaque-id\":\"unknownId\",\"accept\":\"application/vnd.elasticsearch+json; compatible-with=8,text/plain\"}},\"options\":{\"opaqueId\":\"unknownId\",\"headers\":{\"x-elastic-product-origin\":\"kibana\",\"user-agent\":\"Kibana/8.6.2\",\"x-elastic-client-meta\":\"es=8.4.0p,js=16.18.1,t=8.2.0,hc=16.18.1\"}},\"id\":7},\"name\":\"elasticsearch-js\",\"connection\":{\"url\":\"http://elasticsearch:9200/\",\"id\":\"http://elasticsearch:9200/\",\"headers\":{},\"status\":\"alive\"},\"attempts\":0,\"aborted\":false},\"warnings\":null}}\n","stream":"stdout","time":"2023-08-21T11:04:36.384861925Z"}
{"log":"[2023-08-21T11:04:36.521+00:00][INFO ][plugins.ruleRegistry] Installed common resources shared between all indices\n","stream":"stdout","time":"2023-08-21T11:04:36.521831817Z"}
{"log":"[2023-08-21T11:04:36.522+00:00][INFO ][plugins.ruleRegistry] Installing resources for index .alerts-observability.uptime.alerts\n","stream":"stdout","time":"2023-08-21T11:04:36.522852972Z"}
{"log":"[2023-08-21T11:04:36.523+00:00][INFO ][plugins.ruleRegistry] Installing resources for index .alerts-security.alerts\n","stream":"stdout","time":"2023-08-21T11:04:36.523696914Z"}
{"log":"[2023-08-21T11:04:36.524+00:00][INFO ][plugins.ruleRegistry] Installing resources for index .preview.alerts-security.alerts\n","stream":"stdout","time":"2023-08-21T11:04:36.524327323Z"}
{"log":"[2023-08-21T11:04:36.524+00:00][INFO ][plugins.ruleRegistry] Installing resources for index .alerts-observability.logs.alerts\n","stream":"stdout","time":"2023-08-21T11:04:36.525022534Z"}
{"log":"[2023-08-21T11:04:36.525+00:00][INFO ][plugins.ruleRegistry] Installing resources for index .alerts-observability.metrics.alerts\n","stream":"stdout","time":"2023-08-21T11:04:36.525563318Z"}
{"log":"[2023-08-21T11:04:36.525+00:00][INFO ][plugins.ruleRegistry] Installing resources for index .alerts-observability.apm.alerts\n","stream":"stdout","time":"2023-08-21T11:04:36.5263271Z"}
{"log":"[2023-08-21T11:04:36.549+00:00][INFO ][plugins.ruleRegistry] Installed resources for index .alerts-observability.logs.alerts\n","stream":"stdout","time":"2023-08-21T11:04:36.549654635Z"}
{"log":"[2023-08-21T11:04:36.551+00:00][INFO ][plugins.ruleRegistry] Installed resources for index .alerts-observability.apm.alerts\n","stream":"stdout","time":"2023-08-21T11:04:36.551966084Z"}
{"log":"[2023-08-21T11:04:36.553+00:00][INFO ][plugins.ruleRegistry] Installed resources for index .alerts-observability.metrics.alerts\n","stream":"stdout","time":"2023-08-21T11:04:36.553749561Z"}
{"log":"[2023-08-21T11:04:36.611+00:00][INFO ][plugins.ruleRegistry] Installed resources for index .alerts-security.alerts\n","stream":"stdout","time":"2023-08-21T11:04:36.611819196Z"}
{"log":"[2023-08-21T11:04:36.615+00:00][INFO ][plugins.ruleRegistry] Installed resources for index .alerts-observability.uptime.alerts\n","stream":"stdout","time":"2023-08-21T11:04:36.616170218Z"}
{"log":"[2023-08-21T11:04:36.659+00:00][INFO ][plugins.ruleRegistry] Installed resources for index .preview.alerts-security.alerts\n","stream":"stdout","time":"2023-08-21T11:04:36.659831277Z"}
{"log":"[2023-08-21T11:04:37.352+00:00][INFO ][plugins.screenshotting.chromium] Browser executable: /usr/share/kibana/x-pack/plugins/screenshotting/chromium/headless_shell-linux_x64/headless_shell\n","stream":"stdout","time":"2023-08-21T11:04:37.352756997Z"}
{"log":"[2023-08-21T11:04:37.423+00:00][INFO ][plugins.ml] Task ML:saved-objects-sync-task: scheduled with interval 1h\n","stream":"stdout","time":"2023-08-21T11:04:37.424675323Z"}
{"log":"[2023-08-21T11:04:39.540+00:00][ERROR][plugins.taskManager] Task ML:saved-objects-sync \"ML:saved-objects-sync-task\" failed: ResponseError: {\"error\":\"Incorrect HTTP method for uri [/_ml/datafeeds] and method [GET], allowed: [POST]\",\"status\":405}\n","stream":"stdout","time":"2023-08-21T11:04:39.543936845Z"}
{"log":"[2023-08-21T11:04:40.476+00:00][INFO ][plugins.fleet] Fleet Usage: {\"agents_enabled\":true,\"agents\":{\"total_enrolled\":0,\"healthy\":0,\"unhealthy\":0,\"offline\":0,\"total_all_statuses\":0,\"updating\":0},\"fleet_server\":{\"total_enrolled\":0,\"healthy\":0,\"unhealthy\":0,\"offline\":0,\"updating\":0,\"total_all_statuses\":0,\"num_host_urls\":0}}\n","stream":"stdout","time":"2023-08-21T11:04:40.476850742Z"}
{"log":"[2023-08-21T11:04:40.723+00:00][ERROR][plugins.taskManager] Task apm-telemetry-task \"apm-telemetry-task\" failed: TypeError: Cannot read properties of undefined (reading 'logger')\n","stream":"stdout","time":"2023-08-21T11:04:40.724205171Z"}
{"log":"[2023-08-21T11:04:42.112+00:00][INFO ][status] Kibana is now available (was degraded)\n","stream":"stdout","time":"2023-08-21T11:04:42.11288073Z"}
{"log":"[2023-08-21T11:06:21.216+00:00][INFO ][plugins.fleet] Running Fleet Usage telemetry send task\n","stream":"stdout","time":"2023-08-21T11:06:21.217453452Z"}
{"log":"[2023-08-21T11:19:42.636+00:00][INFO ][plugins.fleet] Fleet Usage: {\"agents_enabled\":true,\"agents\":{\"total_enrolled\":0,\"healthy\":0,\"unhealthy\":0,\"offline\":0,\"total_all_statuses\":0,\"updating\":0},\"fleet_server\":{\"total_enrolled\":0,\"healthy\":0,\"unhealthy\":0,\"offline\":0,\"updating\":0,\"total_all_statuses\":0,\"num_host_urls\":0}}\n","stream":"stdout","time":"2023-08-21T11:19:42.636911585Z"}
{"log":"[2023-08-21T11:34:42.776+00:00][INFO ][plugins.fleet] Fleet Usage: {\"agents_enabled\":true,\"agents\":{\"total_enrolled\":0,\"healthy\":0,\"unhealthy\":0,\"offline\":0,\"total_all_statuses\":0,\"updating\":0},\"fleet_server\":{\"total_enrolled\":0,\"healthy\":0,\"unhealthy\":0,\"offline\":0,\"updating\":0,\"total_all_statuses\":0,\"num_host_urls\":0}}\n","stream":"stdout","time":"2023-08-21T11:34:42.777321728Z"}
